#
# A fatal error has been detected by the Java Runtime Environment:
#
#  SIGSEGV (0xb) at pc=0x0000000113832629, pid=1967, tid=24579
#
# JRE version: OpenJDK Runtime Environment Temurin-21.0.9+10 (21.0.9+10) (build 21.0.9+10-LTS)
# Java VM: OpenJDK 64-Bit Server VM Temurin-21.0.9+10 (21.0.9+10-LTS, mixed mode, sharing, tiered, compressed oops, compressed class ptrs, parallel gc, bsd-amd64)
# Problematic frame:
# V  [libjvm.dylib+0x2cd629]  PhaseChaitin::mark_ssa()+0xb9
#
# No core dump will be written. Core dumps have been disabled. To enable core dumping, try "ulimit -c unlimited" before starting Java again
#
# If you would like to submit a bug report, please visit:
#   https://github.com/adoptium/adoptium-support/issues
#

---------------  S U M M A R Y ------------

Command Line: --add-modules=ALL-SYSTEM --add-opens=java.base/java.util=ALL-UNNAMED --add-opens=java.base/java.lang=ALL-UNNAMED --add-opens=java.base/sun.nio.fs=ALL-UNNAMED -Declipse.application=org.eclipse.jdt.ls.core.id1 -Dosgi.bundles.defaultStartLevel=4 -Declipse.product=org.eclipse.jdt.ls.core.product -Djava.import.generatesMetadataFilesAtProjectRoot=false -DDetectVMInstallationsJob.disabled=true -Dfile.encoding=utf8 -XX:+UseParallelGC -XX:GCTimeRatio=4 -XX:AdaptiveSizePolicyWeight=90 -Dsun.zip.disableMemoryMapping=true -Xmx2G -Xms100m -Xlog:disable -javaagent:/Users/DORCH/.vscode/extensions/redhat.java-1.50.0-darwin-x64/lombok/lombok-1.18.39-4050.jar -XX:+HeapDumpOnOutOfMemoryError -XX:HeapDumpPath=/Users/DORCH/Library/Application Support/Code/User/workspaceStorage/c60df6efe2500ced31666dfa1f1f7138/redhat.java -Daether.dependencyCollector.impl=bf /Users/DORCH/.vscode/extensions/redhat.java-1.50.0-darwin-x64/server/plugins/org.eclipse.equinox.launcher_1.7.100.v20251111-0406.jar -configuration /Users/DORCH/Library/Application Support/Code/User/globalStorage/redhat.java/1.50.0/config_mac -data /Users/DORCH/Library/Application Support/Code/User/workspaceStorage/c60df6efe2500ced31666dfa1f1f7138/redhat.java/jdt_ws --pipe=/private/var/folders/75/6dsz66sx1mvcjz4f5gkkvz9r0000gn/T/lsp-caa7f589be4d2664ecadd150dd0b6924.sock

Host: "MacBookPro12,1" x86_64 2700 MHz, 4 cores, 8G, Darwin 21.6.0, macOS 12.7.3 (21H1015)
Time: Sun Nov 30 19:04:18 2025 PST elapsed time: 967.324495 seconds (0d 0h 16m 7s)

---------------  T H R E A D  ---------------

Current thread (0x00007f847500c000):  JavaThread "C2 CompilerThread0" daemon [_thread_in_native, id=24579, stack(0x000070000697d000,0x0000700006a7d000) (1024K)]


Current CompileTask:
C2:967324 16135       4       lombok.eclipse.agent.PatchVal::is (182 bytes)

Stack: [0x000070000697d000,0x0000700006a7d000],  sp=0x0000700006a7a470,  free space=1013k
Native frames: (J=compiled Java code, j=interpreted, Vv=VM code, C=native code)
V  [libjvm.dylib+0x2cd629]  PhaseChaitin::mark_ssa()+0xb9
V  [libjvm.dylib+0x4f99b1]  PhaseCFG::global_code_motion()+0x4c1
V  [libjvm.dylib+0x4f9d6a]  PhaseCFG::do_global_code_motion()+0x3a
V  [libjvm.dylib+0x3586d1]  Compile::Code_Gen()+0x231
V  [libjvm.dylib+0x356639]  Compile::Compile(ciEnv*, ciMethod*, int, Options, DirectiveSet*)+0x12a9
V  [libjvm.dylib+0x2a99c0]  C2Compiler::compile_method(ciEnv*, ciMethod*, int, bool, DirectiveSet*)+0x120
V  [libjvm.dylib+0x367cfd]  CompileBroker::invoke_compiler_on_method(CompileTask*)+0x57d
V  [libjvm.dylib+0x3674f7]  CompileBroker::compiler_thread_loop()+0x3f7
V  [libjvm.dylib+0x591819]  JavaThread::thread_main_inner()+0x99
V  [libjvm.dylib+0xb08f48]  Thread::call_run()+0xa8
V  [libjvm.dylib+0x8f593e]  thread_native_entry(Thread*)+0x10e
C  [libsystem_pthread.dylib+0x64e1]  _pthread_start+0x7d
C  [libsystem_pthread.dylib+0x1f6b]  thread_start+0xf

siginfo: si_signo: 11 (SIGSEGV), si_code: 1 (SEGV_MAPERR), si_addr: 0x0000000000000080

Registers:
RAX=0x0000000000000000, RBX=0x0000000000000005, RCX=0x0000000000000011, RDX=0x0000000000000001
RSP=0x0000700006a7a470, RBP=0x0000700006a7a4b0, RSI=0x0000000000000000, RDI=0x00007f847ac5a2c0
R8 =0x0000000005555455, R9 =0xffffffff00000000, R10=0x00000001143aa950, R11=0xfffffffffffffd20
R12=0x00007f847aa5c280, R13=0x0000700006a7a568, R14=0x00007f847ac5a2c0, R15=0x00000000000001af
RIP=0x0000000113832629, EFLAGS=0x0000000000010293, ERR=0x0000000000000004
  TRAPNO=0x000000000000000e


Register to memory mapping:

RAX=0x0 is null
RBX=0x0000000000000005 is an unknown value
RCX=0x0000000000000011 is an unknown value
RDX=0x0000000000000001 is an unknown value
RSP=0x0000700006a7a470 is pointing into the stack for thread: 0x00007f847500c000
RBP=0x0000700006a7a4b0 is pointing into the stack for thread: 0x00007f847500c000
RSI=0x0 is null
RDI=0x00007f847ac5a2c0 points into unknown readable memory: 0x000000011434f2e8 | e8 f2 34 14 01 00 00 00
R8 =0x0000000005555455 is an unknown value
R9 =0xffffffff00000000 is an unknown value
R10=0x00000001143aa950: _ZL8tc_mutex+0x18 in /Users/DORCH/.vscode/extensions/redhat.java-1.50.0-darwin-x64/jre/21.0.9-macosx-x86_64/lib/server/libjvm.dylib at 0x0000000113565000
R11=0xfffffffffffffd20 is an unknown value
R12=0x00007f847aa5c280 points into unknown readable memory: 0x0000000114337f00 | 00 7f 33 14 01 00 00 00
R13=0x0000700006a7a568 is pointing into the stack for thread: 0x00007f847500c000
R14=0x00007f847ac5a2c0 points into unknown readable memory: 0x000000011434f2e8 | e8 f2 34 14 01 00 00 00
R15=0x00000000000001af is an unknown value

Top of Stack: (sp=0x0000700006a7a470)
0x0000700006a7a470:   0000000000000007 0000700006a7a568
0x0000700006a7a480:   0000000000000041 00007f8475bfc820
0x0000700006a7a490:   0000700006a7ada8 0000000000000000
0x0000700006a7a4a0:   0000000114398d23 00000000ffffff00
0x0000700006a7a4b0:   0000700006a7a810 0000000113a5e9b1
0x0000700006a7a4c0:   0000700006a7a660 000070000000000a
0x0000700006a7a4d0:   0000700006a7bcf8 0000000000000000
0x0000700006a7a4e0:   0000000000000000 0000700006a7a848
0x0000700006a7a4f0:   000000000000006b 00007f847aa59918
0x0000700006a7a500:   0000700006a7ada8 0000700006a7a668
0x0000700006a7a510:   00007f847aa59918 0000700006a7a798
0x0000700006a7a520:   0000700006a7a501 000000010000000c
0x0000700006a7a530:   0000700006a7bcf8 0000700006a7a848
0x0000700006a7a540:   0000000106a7a570 0000700006a7a848
0x0000700006a7a550:   0000000000000022 0000700006a7a798
0x0000700006a7a560:   00007f847aa59918 0000000114344e60
0x0000700006a7a570:   00007f8400000009 0000700006a7bcf8
0x0000700006a7a580:   0000000000000000 0000000100000000
0x0000700006a7a590:   0000700000000002 00007f84752862f0
0x0000700006a7a5a0:   0000700000000002 00007f8474f12240
0x0000700006a7a5b0:   0000700006a7ada8 00007f84deadbeef
0x0000700006a7a5c0:   0000700006a7a848 000000011357300d
0x0000700006a7a5d0:   0000000000000000 0000700006a7a848
0x0000700006a7a5e0:   0000700000000002 00007f84752862f8
0x0000700006a7a5f0:   0000700000000002 00007f8474f12240
0x0000700006a7a600:   0000000000000002 00007f8475286300
0x0000700006a7a610:   0000000000000002 00007f8474f12240
0x0000700006a7a620:   0000000000000000 0000000000000000
0x0000700006a7a630:   00007000000001b0 00007f8476494610
0x0000700006a7a640:   3ff346ee79736045 0000000100000000
0x0000700006a7a650:   000001b0000001b0 00007f8475286308
0x0000700006a7a660:   00007f8474f12240 000001b0000001b0 

Instructions: (pc=0x0000000113832629)
0x0000000113832529:   21 60 00 48 8b 5d c0 44 39 6b 18 0f 87 86 fd ff
0x0000000113832539:   ff 48 8b 7d a8 44 89 ee e8 4a 38 60 00 e9 75 fd
0x0000000113832549:   ff ff 48 8d bd 48 ff ff ff e8 59 9e 08 00 48 81
0x0000000113832559:   c4 98 00 00 00 5b 41 5c 41 5d 41 5e 41 5f 5d c3
0x0000000113832569:   0f 1f 80 00 00 00 00 55 48 89 e5 41 57 41 56 41
0x0000000113832579:   55 41 54 53 48 83 ec 18 49 89 fd 48 8b 47 48 83
0x0000000113832589:   78 40 00 0f 84 0f 02 00 00 31 d2 45 31 ff 4c 89
0x0000000113832599:   6d c8 eb 1a 0f 1f 00 49 8b 45 48 48 8b 55 d0 48
0x00000001138325a9:   ff c2 8b 48 40 48 39 ca 0f 83 ed 01 00 00 48 8b
0x00000001138325b9:   48 30 4c 8b 24 d1 41 8b 4c 24 28 48 89 4d c0 48
0x00000001138325c9:   85 c9 74 db 48 89 55 d0 31 db eb 36 66 66 2e 0f
0x00000001138325d9:   1f 84 00 00 00 00 00 4d 85 c0 89 cf b8 00 00 00
0x00000001138325e9:   00 0f 44 f8 49 8b 85 08 01 00 00 89 3c 88 41 8b
0x00000001138325f9:   46 28 44 39 f8 44 0f 47 f8 48 ff c3 48 3b 5d c0
0x0000000113832609:   74 95 41 8b 44 24 18 48 39 c3 73 0b 49 8b 44 24
0x0000000113832619:   20 4c 8b 34 d8 eb 03 45 31 f6 49 8b 06 4c 89 f7
0x0000000113832629:   ff 90 80 00 00 00 49 63 4e 28 8b 50 58 8b 70 5c
0x0000000113832639:   31 ff 39 f2 77 ae 8d 7a 01 44 8d 46 01 44 39 c7
0x0000000113832649:   44 0f 47 c7 44 89 c7 29 d7 83 ff 10 72 3b 41 ff
0x0000000113832659:   c8 41 39 d0 72 2b 44 8d 4f fc 45 89 ca 41 c1 ea
0x0000000113832669:   02 41 ff c2 45 89 d0 41 83 e0 03 41 83 f9 0c 73
0x0000000113832679:   20 66 0f ef c0 45 31 c9 66 0f ef c9 e9 97 00 00
0x0000000113832689:   00 45 31 c0 e9 fe 00 00 00 45 31 c0 e9 f6 00 00
0x0000000113832699:   00 41 83 e2 fc 66 0f ef c0 45 31 c9 41 89 d3 66
0x00000001138326a9:   0f ef c9 0f 1f 40 00 45 89 dd f3 42 0f 6f 14 e8
0x00000001138326b9:   66 0f eb d0 f3 42 0f 6f 44 e8 10 66 0f eb c1 45
0x00000001138326c9:   8d 6b 04 f3 42 0f 6f 0c e8 f3 42 0f 6f 5c e8 10
0x00000001138326d9:   45 8d 6b 08 f3 42 0f 6f 24 e8 66 0f eb e1 66 0f
0x00000001138326e9:   eb e2 f3 42 0f 6f 54 e8 10 66 0f eb d3 66 0f eb
0x00000001138326f9:   d0 45 8d 6b 0c f3 42 0f 6f 04 e8 66 0f eb c4 f3
0x0000000113832709:   42 0f 6f 4c e8 10 66 0f eb ca 41 83 c1 10 41 83
0x0000000113832719:   c3 10 41 83 c2 fc 75 8f 41 89 fa 41 83 e2 fc 45 


Stack slot to memory mapping:

stack at sp + 0 slots: 0x0000000000000007 is an unknown value
stack at sp + 1 slots: 0x0000700006a7a568 is pointing into the stack for thread: 0x00007f847500c000
stack at sp + 2 slots: 0x0000000000000041 is an unknown value
stack at sp + 3 slots: 0x00007f8475bfc820 points into unknown readable memory: 0x0000000000000000 | 00 00 00 00 00 00 00 00
stack at sp + 4 slots: 0x0000700006a7ada8 is pointing into the stack for thread: 0x00007f847500c000
stack at sp + 5 slots: 0x0 is null
stack at sp + 6 slots: 0x0000000114398d23: OptoRegScheduling+0 in /Users/DORCH/.vscode/extensions/redhat.java-1.50.0-darwin-x64/jre/21.0.9-macosx-x86_64/lib/server/libjvm.dylib at 0x0000000113565000
stack at sp + 7 slots: 0x00000000ffffff00 is an unknown value


---------------  P R O C E S S  ---------------

Threads class SMR info:
_java_thread_list=0x00007f847b5c4af0, length=41, elements={
0x00007f8477008200, 0x00007f8476023600, 0x00007f847500b000, 0x00007f8477020800,
0x00007f847500b800, 0x00007f8476023e00, 0x00007f847500c000, 0x00007f8476028400,
0x00007f8476808800, 0x00007f847680fc00, 0x00007f84770b2e00, 0x00007f84770e5400,
0x00007f84762e9000, 0x00007f8475221400, 0x00007f847723dc00, 0x00007f84753c6200,
0x00007f847529e800, 0x00007f8475223c00, 0x00007f8476988c00, 0x00007f84765f9200,
0x00007f84770b5800, 0x00007f84765f9a00, 0x00007f847527ea00, 0x00007f847a56d800,
0x00007f847b966600, 0x00007f847a032a00, 0x00007f847c8a3c00, 0x00007f847bcff800,
0x00007f847c8a4400, 0x00007f847bd00800, 0x00007f8476300600, 0x00007f84777f3400,
0x00007f847666dc00, 0x00007f847afff800, 0x00007f847ae21a00, 0x00007f847671e400,
0x00007f847b90d000, 0x00007f84762d9200, 0x00007f84750f8a00, 0x00007f8476ca7a00,
0x00007f84752b0c00
}

Java Threads: ( => current thread )
  0x00007f8477008200 JavaThread "main"                              [_thread_blocked, id=5891, stack(0x0000700005f5c000,0x000070000605c000) (1024K)]
  0x00007f8476023600 JavaThread "Reference Handler"          daemon [_thread_blocked, id=42243, stack(0x000070000646e000,0x000070000656e000) (1024K)]
  0x00007f847500b000 JavaThread "Finalizer"                  daemon [_thread_blocked, id=23043, stack(0x0000700006571000,0x0000700006671000) (1024K)]
  0x00007f8477020800 JavaThread "Signal Dispatcher"          daemon [_thread_blocked, id=23555, stack(0x0000700006674000,0x0000700006774000) (1024K)]
  0x00007f847500b800 JavaThread "Service Thread"             daemon [_thread_blocked, id=23811, stack(0x0000700006777000,0x0000700006877000) (1024K)]
  0x00007f8476023e00 JavaThread "Monitor Deflation Thread"   daemon [_thread_blocked, id=41731, stack(0x000070000687a000,0x000070000697a000) (1024K)]
=>0x00007f847500c000 JavaThread "C2 CompilerThread0"         daemon [_thread_in_native, id=24579, stack(0x000070000697d000,0x0000700006a7d000) (1024K)]
  0x00007f8476028400 JavaThread "C1 CompilerThread0"         daemon [_thread_blocked, id=25091, stack(0x0000700006a80000,0x0000700006b80000) (1024K)]
  0x00007f8476808800 JavaThread "Common-Cleaner"             daemon [_thread_blocked, id=25347, stack(0x0000700006b83000,0x0000700006c83000) (1024K)]
  0x00007f847680fc00 JavaThread "Notification Thread"        daemon [_thread_blocked, id=40963, stack(0x0000700006d89000,0x0000700006e89000) (1024K)]
  0x00007f84770b2e00 JavaThread "Active Thread: Equinox Container: d24df0ec-e1fc-4d4e-b4b4-21704ae8e3be"        [_thread_blocked, id=39427, stack(0x0000700007195000,0x0000700007295000) (1024K)]
  0x00007f84770e5400 JavaThread "Refresh Thread: Equinox Container: d24df0ec-e1fc-4d4e-b4b4-21704ae8e3be" daemon [_thread_blocked, id=38915, stack(0x0000700007298000,0x0000700007398000) (1024K)]
  0x00007f84762e9000 JavaThread "Framework Event Dispatcher: Equinox Container: d24df0ec-e1fc-4d4e-b4b4-21704ae8e3be" daemon [_thread_blocked, id=84751, stack(0x000070000741e000,0x000070000751e000) (1024K)]
  0x00007f8475221400 JavaThread "Start Level: Equinox Container: d24df0ec-e1fc-4d4e-b4b4-21704ae8e3be" daemon [_thread_blocked, id=84483, stack(0x0000700007521000,0x0000700007621000) (1024K)]
  0x00007f847723dc00 JavaThread "Bundle File Closer"         daemon [_thread_blocked, id=83975, stack(0x0000700007624000,0x0000700007724000) (1024K)]
  0x00007f84753c6200 JavaThread "SCR Component Actor"        daemon [_thread_blocked, id=46343, stack(0x0000700007727000,0x0000700007827000) (1024K)]
  0x00007f847529e800 JavaThread "Worker-JM"                         [_thread_blocked, id=83459, stack(0x000070000782a000,0x000070000792a000) (1024K)]
  0x00007f8475223c00 JavaThread "Worker-0"                          [_thread_blocked, id=83203, stack(0x000070000792d000,0x0000700007a2d000) (1024K)]
  0x00007f8476988c00 JavaThread "Java indexing"              daemon [_thread_blocked, id=82435, stack(0x0000700007d39000,0x0000700007e39000) (1024K)]
  0x00007f84765f9200 JavaThread "pool-2-thread-1"                   [_thread_blocked, id=81411, stack(0x0000700008145000,0x0000700008245000) (1024K)]
  0x00007f84770b5800 JavaThread "WorkspaceEventsHandler"            [_thread_blocked, id=49411, stack(0x0000700008248000,0x0000700008348000) (1024K)]
  0x00007f84765f9a00 JavaThread "pool-1-thread-1"                   [_thread_in_native, id=80643, stack(0x000070000834b000,0x000070000844b000) (1024K)]
  0x00007f847527ea00 JavaThread "Compiler Source File Reader" daemon [_thread_blocked, id=49667, stack(0x000070000844e000,0x000070000854e000) (1024K)]
  0x00007f847a56d800 JavaThread "ForkJoinPool.commonPool-worker-1" daemon [_thread_blocked, id=34823, stack(0x000070000895d000,0x0000700008a5d000) (1024K)]
  0x00007f847b966600 JavaThread "ForkJoinPool.commonPool-worker-3" daemon [_thread_blocked, id=31495, stack(0x0000700008a60000,0x0000700008b60000) (1024K)]
  0x00007f847a032a00 JavaThread "Cleaner-0"                  daemon [_thread_blocked, id=51203, stack(0x0000700008c66000,0x0000700008d66000) (1024K)]
  0x00007f847c8a3c00 JavaThread "Java Debug Server"          daemon [_thread_in_native, id=51459, stack(0x0000700008d69000,0x0000700008e69000) (1024K)]
  0x00007f847bcff800 JavaThread "RxSchedulerPurge-1"         daemon [_thread_blocked, id=77827, stack(0x0000700009072000,0x0000700009172000) (1024K)]
  0x00007f847c8a4400 JavaThread "RxCachedWorkerPoolEvictor-1" daemon [_thread_blocked, id=77315, stack(0x0000700009175000,0x0000700009275000) (1024K)]
  0x00007f847bd00800 JavaThread "Attach Listener"            daemon [_thread_blocked, id=22287, stack(0x0000700008b63000,0x0000700008c63000) (1024K)]
  0x00007f8476300600 JavaThread "Worker-7"                          [_thread_blocked, id=82951, stack(0x0000700007b33000,0x0000700007c33000) (1024K)]
  0x00007f84777f3400 JavaThread "Compiler Source File Reader" daemon [_thread_blocked, id=48947, stack(0x0000700007c36000,0x0000700007d36000) (1024K)]
  0x00007f847666dc00 JavaThread "pool-3-thread-7"                   [_thread_in_native, id=50211, stack(0x0000700008042000,0x0000700008142000) (1024K)]
  0x00007f847afff800 JavaThread "RxNewThreadScheduler-21"    daemon [_thread_blocked, id=76051, stack(0x0000700008757000,0x0000700008857000) (1024K)]
  0x00007f847ae21a00 JavaThread "process reaper (pid 2415)"  daemon [_thread_blocked, id=48407, stack(0x000070000638f000,0x00007000063b3000) (144K)]
  0x00007f847671e400 JavaThread "Worker-16"                         [_thread_blocked, id=47395, stack(0x0000700006c86000,0x0000700006d86000) (1024K)]
  0x00007f847b90d000 JavaThread "Compiler Processing Task"   daemon [_thread_blocked, id=82731, stack(0x0000700007a30000,0x0000700007b30000) (1024K)]
  0x00007f84762d9200 JavaThread "ForkJoinPool.commonPool-worker-7" daemon [_thread_blocked, id=79379, stack(0x0000700007e3c000,0x0000700007f3c000) (1024K)]
  0x00007f84750f8a00 JavaThread "pool-3-thread-8"                   [_thread_in_native, id=76331, stack(0x0000700007f3f000,0x000070000803f000) (1024K)]
  0x00007f8476ca7a00 JavaThread "RxNewThreadScheduler-23"    daemon [_thread_blocked, id=49935, stack(0x0000700008551000,0x0000700008651000) (1024K)]
  0x00007f84752b0c00 JavaThread "process reaper (pid 2472)"  daemon [_thread_blocked, id=78663, stack(0x0000700006368000,0x000070000638c000) (144K)]
Total: 41

Other Threads:
  0x00007f8475818c90 VMThread "VM Thread"                           [id=14083, stack(0x0000700006265000,0x0000700006365000) (1024K)]
  0x00007f8475812220 WatcherThread "VM Periodic Task Thread"        [id=13059, stack(0x0000700006162000,0x0000700006262000) (1024K)]
  0x00007f8475b13410 WorkerThread "GC Thread#0"                     [id=20995, stack(0x000070000605f000,0x000070000615f000) (1024K)]
  0x00007f8475959670 WorkerThread "GC Thread#1"                     [id=26115, stack(0x0000700006e8c000,0x0000700006f8c000) (1024K)]
  0x00007f847586e5c0 WorkerThread "GC Thread#2"                     [id=40195, stack(0x0000700006f8f000,0x000070000708f000) (1024K)]
  0x00007f847586eeb0 WorkerThread "GC Thread#3"                     [id=39683, stack(0x0000700007092000,0x0000700007192000) (1024K)]
Total: 6

Threads with active compile tasks:
C2 CompilerThread0  967363 16135       4       lombok.eclipse.agent.PatchVal::is (182 bytes)
Total: 1

VM state: not at safepoint (normal execution)

VM Mutex/Monitor currently owned by a thread: None

Heap address: 0x0000000780000000, size: 2048 MB, Compressed Oops mode: Zero based, Oop shift amount: 3

CDS archive(s) mapped at: [0x000000012b000000-0x000000012bbb6000-0x000000012bbb6000), size 12279808, SharedBaseAddress: 0x000000012b000000, ArchiveRelocationMode: 1.
Compressed class space mapped at: 0x000000012c000000-0x000000016c000000, reserved size: 1073741824
Narrow klass base: 0x000000012b000000, Narrow klass shift: 0, Narrow klass range: 0x100000000

GC Precious Log:
 CardTable entry size: 512
 CPUs: 4 total, 4 available
 Memory: 8192M
 Large Page Support: Disabled
 NUMA Support: Disabled
 Compressed Oops: Enabled (Zero based)
 Alignments: Space 512K, Generation 512K, Heap 2M
 Heap Min Capacity: 100M
 Heap Initial Capacity: 100M
 Heap Max Capacity: 2G
 Pre-touch: Disabled
 Parallel Workers: 4

Heap:
 PSYoungGen      total 6656K, used 1698K [0x00000007d5580000, 0x00000007d5d00000, 0x0000000800000000)
  eden space 5632K, 25% used [0x00000007d5580000,0x00000007d56eca30,0x00000007d5b00000)
  from space 1024K, 23% used [0x00000007d5b80000,0x00000007d5bbc010,0x00000007d5c80000)
  to   space 512K, 0% used [0x00000007d5c80000,0x00000007d5c80000,0x00000007d5d00000)
 ParOldGen       total 111104K, used 110659K [0x0000000780000000, 0x0000000786c80000, 0x00000007d5580000)
  object space 111104K, 99% used [0x0000000780000000,0x0000000786c10fb0,0x0000000786c80000)
 Metaspace       used 78689K, committed 80256K, reserved 1179648K
  class space    used 8331K, committed 9024K, reserved 1048576K

Card table byte_map: [0x0000000112000000,0x0000000112401000] _byte_map_base: 0x000000010e400000

Marking Bits: (ParMarkBitMap*) 0x00000001143dcb50
 Begin Bits: [0x0000000126a2a000, 0x0000000128a2a000)
 End Bits:   [0x0000000128a2a000, 0x000000012aa2a000)

Polling page: 0x000000010fbdf000

Metaspace:

Usage:
  Non-class:     68.71 MB used.
      Class:      8.14 MB used.
       Both:     76.85 MB used.

Virtual space:
  Non-class space:      128.00 MB reserved,      69.56 MB ( 54%) committed,  2 nodes.
      Class space:        1.00 GB reserved,       8.81 MB ( <1%) committed,  1 nodes.
             Both:        1.12 GB reserved,      78.38 MB (  7%) committed. 

Chunk freelists:
   Non-Class:  10.03 MB
       Class:  7.08 MB
        Both:  17.11 MB

MaxMetaspaceSize: unlimited
CompressedClassSpaceSize: 1.00 GB
Initial GC threshold: 21.00 MB
Current GC threshold: 129.06 MB
CDS: on
 - commit_granule_bytes: 65536.
 - commit_granule_words: 8192.
 - virtual_space_node_default_size: 8388608.
 - enlarge_chunks_in_place: 1.
 - use_allocation_guard: 0.


Internal statistics:

num_allocs_failed_limit: 6.
num_arena_births: 1354.
num_arena_deaths: 70.
num_vsnodes_births: 3.
num_vsnodes_deaths: 0.
num_space_committed: 1254.
num_space_uncommitted: 0.
num_chunks_returned_to_freelist: 102.
num_chunks_taken_from_freelist: 5230.
num_chunk_merges: 14.
num_chunk_splits: 3030.
num_chunks_enlarged: 1528.
num_inconsistent_stats: 0.

CodeHeap 'non-profiled nmethods': size=120032Kb used=10103Kb max_used=11748Kb free=109928Kb
 bounds [0x000000011f4f2000, 0x0000000120072000, 0x0000000126a2a000]
CodeHeap 'profiled nmethods': size=120028Kb used=25314Kb max_used=34801Kb free=94713Kb
 bounds [0x0000000117a2a000, 0x0000000119c2a000, 0x000000011ef61000]
CodeHeap 'non-nmethods': size=5700Kb used=1481Kb max_used=1544Kb free=4218Kb
 bounds [0x000000011ef61000, 0x000000011f1d1000, 0x000000011f4f2000]
CodeCache: size=245760Kb, used=36898Kb, max_used=48093Kb, free=208859Kb
 total_blobs=12204, nmethods=11395, adapters=711, full_count=0
Compilation: enabled, stopped_count=0, restarted_count=0

Compilation events (20 events):
Event: 966.796 Thread 0x00007f8476028400 nmethod 16127 0x0000000118361c90 code [0x0000000118361e40, 0x0000000118362018]
Event: 966.796 Thread 0x00007f8476028400 16128       3       org.eclipse.jdt.internal.compiler.parser.Parser::consumeNameArrayType (19 bytes)
Event: 966.796 Thread 0x00007f8476028400 nmethod 16128 0x0000000117f27a90 code [0x0000000117f27c40, 0x0000000117f27ef8]
Event: 966.797 Thread 0x00007f847500c000 16129   !   4       org.eclipse.jdt.internal.compiler.lookup.BinaryTypeBinding::cachePartsFrom2 (1809 bytes)
Event: 966.802 Thread 0x00007f8476028400 16130       3       java.util.stream.SortedOps$RefSortingSink$$Lambda/0x000000012c3f1c10::accept (11 bytes)
Event: 966.802 Thread 0x00007f8476028400 nmethod 16130 0x0000000118362790 code [0x0000000118362940, 0x0000000118362b18]
Event: 966.802 Thread 0x00007f8476028400 16131       1       org.eclipse.jdt.internal.compiler.ASTVisitor::visit (2 bytes)
Event: 966.802 Thread 0x00007f8476028400 nmethod 16131 0x000000011ffaee90 code [0x000000011ffaf020, 0x000000011ffaf0e0]
Event: 966.802 Thread 0x00007f8476028400 16132       3       org.eclipse.jdt.internal.compiler.ast.AND_AND_Expression::traverse (34 bytes)
Event: 966.803 Thread 0x00007f8476028400 nmethod 16132 0x0000000118e62590 code [0x0000000118e62760, 0x0000000118e62c00]
Event: 966.803 Thread 0x00007f8476028400 16133       3       org.eclipse.jdt.internal.compiler.ast.UnaryExpression::traverse (25 bytes)
Event: 966.803 Thread 0x00007f8476028400 nmethod 16133 0x000000011844dd90 code [0x000000011844df40, 0x000000011844e300]
Event: 966.803 Thread 0x00007f8476028400 16134       1       org.eclipse.jdt.internal.compiler.ASTVisitor::visit (2 bytes)
Event: 966.803 Thread 0x00007f8476028400 nmethod 16134 0x000000011fa11790 code [0x000000011fa11920, 0x000000011fa119e0]
Event: 966.832 Thread 0x00007f8476028400 16138       3       lombok.launch.PatchFixesHider$Delegate::handleDelegateForType (21 bytes)
Event: 966.836 Thread 0x00007f8476028400 nmethod 16138 0x0000000119a66f90 code [0x0000000119a67560, 0x0000000119a6a038]
Event: 966.836 Thread 0x00007f8476028400 16139       3       org.eclipse.jdt.internal.compiler.ClassFile::traverse (7238 bytes)
Event: 966.882 Thread 0x00007f8476028400 nmethod 16139 0x00000001186fc890 code [0x00000001186fec00, 0x0000000118716540]
Event: 967.197 Thread 0x00007f847500c000 nmethod 16129 0x000000011fbb0f90 code [0x000000011fbb17e0, 0x000000011fbb74c0]
Event: 967.198 Thread 0x00007f847500c000 16135       4       lombok.eclipse.agent.PatchVal::is (182 bytes)

GC Heap History (20 events):
Event: 964.454 GC heap before
{Heap before GC invocations=413 (full 5):
 PSYoungGen      total 6144K, used 5248K [0x00000007d5580000, 0x00000007d5c00000, 0x0000000800000000)
  eden space 5120K, 100% used [0x00000007d5580000,0x00000007d5a80000,0x00000007d5a80000)
  from space 1024K, 12% used [0x00000007d5a80000,0x00000007d5aa0000,0x00000007d5b80000)
  to   space 512K, 0% used [0x00000007d5b80000,0x00000007d5b80000,0x00000007d5c00000)
 ParOldGen       total 96256K, used 95879K [0x0000000780000000, 0x0000000785e00000, 0x00000007d5580000)
  object space 96256K, 99% used [0x0000000780000000,0x0000000785da1fa0,0x0000000785e00000)
 Metaspace       used 78623K, committed 80192K, reserved 1179648K
  class space    used 8331K, committed 9024K, reserved 1048576K
}
Event: 964.456 GC heap after
{Heap after GC invocations=413 (full 5):
 PSYoungGen      total 5120K, used 512K [0x00000007d5580000, 0x00000007d5d80000, 0x0000000800000000)
  eden space 4608K, 0% used [0x00000007d5580000,0x00000007d5580000,0x00000007d5a00000)
  from space 512K, 100% used [0x00000007d5b80000,0x00000007d5c00000,0x00000007d5c00000)
  to   space 1536K, 0% used [0x00000007d5a00000,0x00000007d5a00000,0x00000007d5b80000)
 ParOldGen       total 96768K, used 96636K [0x0000000780000000, 0x0000000785e80000, 0x00000007d5580000)
  object space 96768K, 99% used [0x0000000780000000,0x0000000785e5f388,0x0000000785e80000)
 Metaspace       used 78623K, committed 80192K, reserved 1179648K
  class space    used 8331K, committed 9024K, reserved 1048576K
}
Event: 964.600 GC heap before
{Heap before GC invocations=414 (full 5):
 PSYoungGen      total 5120K, used 5120K [0x00000007d5580000, 0x00000007d5d80000, 0x0000000800000000)
  eden space 4608K, 100% used [0x00000007d5580000,0x00000007d5a00000,0x00000007d5a00000)
  from space 512K, 100% used [0x00000007d5b80000,0x00000007d5c00000,0x00000007d5c00000)
  to   space 1536K, 0% used [0x00000007d5a00000,0x00000007d5a00000,0x00000007d5b80000)
 ParOldGen       total 96768K, used 96636K [0x0000000780000000, 0x0000000785e80000, 0x00000007d5580000)
  object space 96768K, 99% used [0x0000000780000000,0x0000000785e5f388,0x0000000785e80000)
 Metaspace       used 78623K, committed 80192K, reserved 1179648K
  class space    used 8331K, committed 9024K, reserved 1048576K
}
Event: 964.604 GC heap after
{Heap after GC invocations=414 (full 5):
 PSYoungGen      total 5120K, used 400K [0x00000007d5580000, 0x00000007d5c00000, 0x0000000800000000)
  eden space 4608K, 0% used [0x00000007d5580000,0x00000007d5580000,0x00000007d5a00000)
  from space 512K, 78% used [0x00000007d5a00000,0x00000007d5a64010,0x00000007d5a80000)
  to   space 1024K, 0% used [0x00000007d5b00000,0x00000007d5b00000,0x00000007d5c00000)
 ParOldGen       total 97280K, used 97131K [0x0000000780000000, 0x0000000785f00000, 0x00000007d5580000)
  object space 97280K, 99% used [0x0000000780000000,0x0000000785edadc0,0x0000000785f00000)
 Metaspace       used 78623K, committed 80192K, reserved 1179648K
  class space    used 8331K, committed 9024K, reserved 1048576K
}
Event: 966.195 GC heap before
{Heap before GC invocations=415 (full 5):
 PSYoungGen      total 5120K, used 5008K [0x00000007d5580000, 0x00000007d5c00000, 0x0000000800000000)
  eden space 4608K, 100% used [0x00000007d5580000,0x00000007d5a00000,0x00000007d5a00000)
  from space 512K, 78% used [0x00000007d5a00000,0x00000007d5a64010,0x00000007d5a80000)
  to   space 1024K, 0% used [0x00000007d5b00000,0x00000007d5b00000,0x00000007d5c00000)
 ParOldGen       total 97280K, used 97131K [0x0000000780000000, 0x0000000785f00000, 0x00000007d5580000)
  object space 97280K, 99% used [0x0000000780000000,0x0000000785edadc0,0x0000000785f00000)
 Metaspace       used 78643K, committed 80192K, reserved 1179648K
  class space    used 8331K, committed 9024K, reserved 1048576K
}
Event: 966.208 GC heap after
{Heap after GC invocations=415 (full 5):
 PSYoungGen      total 4608K, used 999K [0x00000007d5580000, 0x00000007d5e00000, 0x0000000800000000)
  eden space 3584K, 0% used [0x00000007d5580000,0x00000007d5580000,0x00000007d5900000)
  from space 1024K, 97% used [0x00000007d5b00000,0x00000007d5bf9f70,0x00000007d5c00000)
  to   space 2048K, 0% used [0x00000007d5900000,0x00000007d5900000,0x00000007d5b00000)
 ParOldGen       total 98304K, used 97850K [0x0000000780000000, 0x0000000786000000, 0x00000007d5580000)
  object space 98304K, 99% used [0x0000000780000000,0x0000000785f8ea18,0x0000000786000000)
 Metaspace       used 78643K, committed 80192K, reserved 1179648K
  class space    used 8331K, committed 9024K, reserved 1048576K
}
Event: 966.259 GC heap before
{Heap before GC invocations=416 (full 5):
 PSYoungGen      total 4608K, used 4583K [0x00000007d5580000, 0x00000007d5e00000, 0x0000000800000000)
  eden space 3584K, 100% used [0x00000007d5580000,0x00000007d5900000,0x00000007d5900000)
  from space 1024K, 97% used [0x00000007d5b00000,0x00000007d5bf9f70,0x00000007d5c00000)
  to   space 2048K, 0% used [0x00000007d5900000,0x00000007d5900000,0x00000007d5b00000)
 ParOldGen       total 98304K, used 97850K [0x0000000780000000, 0x0000000786000000, 0x00000007d5580000)
  object space 98304K, 99% used [0x0000000780000000,0x0000000785f8ea18,0x0000000786000000)
 Metaspace       used 78644K, committed 80192K, reserved 1179648K
  class space    used 8331K, committed 9024K, reserved 1048576K
}
Event: 966.268 GC heap after
{Heap after GC invocations=416 (full 5):
 PSYoungGen      total 5632K, used 2020K [0x00000007d5580000, 0x00000007d6200000, 0x0000000800000000)
  eden space 3584K, 0% used [0x00000007d5580000,0x00000007d5580000,0x00000007d5900000)
  from space 2048K, 98% used [0x00000007d5900000,0x00000007d5af9000,0x00000007d5b00000)
  to   space 4608K, 0% used [0x00000007d5d80000,0x00000007d5d80000,0x00000007d6200000)
 ParOldGen       total 100352K, used 99870K [0x0000000780000000, 0x0000000786200000, 0x00000007d5580000)
  object space 100352K, 99% used [0x0000000780000000,0x0000000786187998,0x0000000786200000)
 Metaspace       used 78644K, committed 80192K, reserved 1179648K
  class space    used 8331K, committed 9024K, reserved 1048576K
}
Event: 966.287 GC heap before
{Heap before GC invocations=417 (full 5):
 PSYoungGen      total 5632K, used 5455K [0x00000007d5580000, 0x00000007d6200000, 0x0000000800000000)
  eden space 3584K, 95% used [0x00000007d5580000,0x00000007d58dae88,0x00000007d5900000)
  from space 2048K, 98% used [0x00000007d5900000,0x00000007d5af9000,0x00000007d5b00000)
  to   space 4608K, 0% used [0x00000007d5d80000,0x00000007d5d80000,0x00000007d6200000)
 ParOldGen       total 100352K, used 99870K [0x0000000780000000, 0x0000000786200000, 0x00000007d5580000)
  object space 100352K, 99% used [0x0000000780000000,0x0000000786187998,0x0000000786200000)
 Metaspace       used 78644K, committed 80192K, reserved 1179648K
  class space    used 8331K, committed 9024K, reserved 1048576K
}
Event: 966.299 GC heap after
{Heap after GC invocations=417 (full 5):
 PSYoungGen      total 7168K, used 3252K [0x00000007d5580000, 0x00000007d6100000, 0x0000000800000000)
  eden space 3584K, 0% used [0x00000007d5580000,0x00000007d5580000,0x00000007d5900000)
  from space 3584K, 90% used [0x00000007d5d80000,0x00000007d60ad110,0x00000007d6100000)
  to   space 3584K, 0% used [0x00000007d5a00000,0x00000007d5a00000,0x00000007d5d80000)
 ParOldGen       total 102400K, used 101914K [0x0000000780000000, 0x0000000786400000, 0x00000007d5580000)
  object space 102400K, 99% used [0x0000000780000000,0x0000000786386998,0x0000000786400000)
 Metaspace       used 78644K, committed 80192K, reserved 1179648K
  class space    used 8331K, committed 9024K, reserved 1048576K
}
Event: 966.319 GC heap before
{Heap before GC invocations=418 (full 5):
 PSYoungGen      total 7168K, used 6604K [0x00000007d5580000, 0x00000007d6100000, 0x0000000800000000)
  eden space 3584K, 93% used [0x00000007d5580000,0x00000007d58c6148,0x00000007d5900000)
  from space 3584K, 90% used [0x00000007d5d80000,0x00000007d60ad110,0x00000007d6100000)
  to   space 3584K, 0% used [0x00000007d5a00000,0x00000007d5a00000,0x00000007d5d80000)
 ParOldGen       total 102400K, used 101914K [0x0000000780000000, 0x0000000786400000, 0x00000007d5580000)
  object space 102400K, 99% used [0x0000000780000000,0x0000000786386998,0x0000000786400000)
 Metaspace       used 78652K, committed 80256K, reserved 1179648K
  class space    used 8331K, committed 9024K, reserved 1048576K
}
Event: 966.323 GC heap after
{Heap after GC invocations=418 (full 5):
 PSYoungGen      total 6656K, used 3042K [0x00000007d5580000, 0x00000007d6000000, 0x0000000800000000)
  eden space 3584K, 0% used [0x00000007d5580000,0x00000007d5580000,0x00000007d5900000)
  from space 3072K, 99% used [0x00000007d5a00000,0x00000007d5cf8870,0x00000007d5d00000)
  to   space 3072K, 0% used [0x00000007d5d00000,0x00000007d5d00000,0x00000007d6000000)
 ParOldGen       total 105472K, used 104990K [0x0000000780000000, 0x0000000786700000, 0x00000007d5580000)
  object space 105472K, 99% used [0x0000000780000000,0x0000000786687aa8,0x0000000786700000)
 Metaspace       used 78652K, committed 80256K, reserved 1179648K
  class space    used 8331K, committed 9024K, reserved 1048576K
}
Event: 966.329 GC heap before
{Heap before GC invocations=419 (full 5):
 PSYoungGen      total 6656K, used 6626K [0x00000007d5580000, 0x00000007d6000000, 0x0000000800000000)
  eden space 3584K, 100% used [0x00000007d5580000,0x00000007d5900000,0x00000007d5900000)
  from space 3072K, 99% used [0x00000007d5a00000,0x00000007d5cf8870,0x00000007d5d00000)
  to   space 3072K, 0% used [0x00000007d5d00000,0x00000007d5d00000,0x00000007d6000000)
 ParOldGen       total 105472K, used 104990K [0x0000000780000000, 0x0000000786700000, 0x00000007d5580000)
  object space 105472K, 99% used [0x0000000780000000,0x0000000786687aa8,0x0000000786700000)
 Metaspace       used 78652K, committed 80256K, reserved 1179648K
  class space    used 8331K, committed 9024K, reserved 1048576K
}
Event: 966.332 GC heap after
{Heap after GC invocations=419 (full 5):
 PSYoungGen      total 6656K, used 1575K [0x00000007d5580000, 0x00000007d5f00000, 0x0000000800000000)
  eden space 4608K, 0% used [0x00000007d5580000,0x00000007d5580000,0x00000007d5a00000)
  from space 2048K, 76% used [0x00000007d5d00000,0x00000007d5e89e28,0x00000007d5f00000)
  to   space 2560K, 0% used [0x00000007d5a00000,0x00000007d5a00000,0x00000007d5c80000)
 ParOldGen       total 108032K, used 107975K [0x0000000780000000, 0x0000000786980000, 0x00000007d5580000)
  object space 108032K, 99% used [0x0000000780000000,0x0000000786971d18,0x0000000786980000)
 Metaspace       used 78652K, committed 80256K, reserved 1179648K
  class space    used 8331K, committed 9024K, reserved 1048576K
}
Event: 966.346 GC heap before
{Heap before GC invocations=420 (full 5):
 PSYoungGen      total 6656K, used 6183K [0x00000007d5580000, 0x00000007d5f00000, 0x0000000800000000)
  eden space 4608K, 99% used [0x00000007d5580000,0x00000007d59fffc8,0x00000007d5a00000)
  from space 2048K, 76% used [0x00000007d5d00000,0x00000007d5e89e28,0x00000007d5f00000)
  to   space 2560K, 0% used [0x00000007d5a00000,0x00000007d5a00000,0x00000007d5c80000)
 ParOldGen       total 108032K, used 107975K [0x0000000780000000, 0x0000000786980000, 0x00000007d5580000)
  object space 108032K, 99% used [0x0000000780000000,0x0000000786971d18,0x0000000786980000)
 Metaspace       used 78659K, committed 80256K, reserved 1179648K
  class space    used 8331K, committed 9024K, reserved 1048576K
}
Event: 966.351 GC heap after
{Heap after GC invocations=420 (full 5):
 PSYoungGen      total 7168K, used 777K [0x00000007d5580000, 0x00000007d5e00000, 0x0000000800000000)
  eden space 4608K, 0% used [0x00000007d5580000,0x00000007d5580000,0x00000007d5a00000)
  from space 2560K, 30% used [0x00000007d5a00000,0x00000007d5ac26f8,0x00000007d5c80000)
  to   space 1536K, 0% used [0x00000007d5c80000,0x00000007d5c80000,0x00000007d5e00000)
 ParOldGen       total 109568K, used 109513K [0x0000000780000000, 0x0000000786b00000, 0x00000007d5580000)
  object space 109568K, 99% used [0x0000000780000000,0x0000000786af27b0,0x0000000786b00000)
 Metaspace       used 78659K, committed 80256K, reserved 1179648K
  class space    used 8331K, committed 9024K, reserved 1048576K
}
Event: 966.654 GC heap before
{Heap before GC invocations=421 (full 5):
 PSYoungGen      total 7168K, used 5385K [0x00000007d5580000, 0x00000007d5e00000, 0x0000000800000000)
  eden space 4608K, 100% used [0x00000007d5580000,0x00000007d5a00000,0x00000007d5a00000)
  from space 2560K, 30% used [0x00000007d5a00000,0x00000007d5ac26f8,0x00000007d5c80000)
  to   space 1536K, 0% used [0x00000007d5c80000,0x00000007d5c80000,0x00000007d5e00000)
 ParOldGen       total 109568K, used 109513K [0x0000000780000000, 0x0000000786b00000, 0x00000007d5580000)
  object space 109568K, 99% used [0x0000000780000000,0x0000000786af27b0,0x0000000786b00000)
 Metaspace       used 78672K, committed 80256K, reserved 1179648K
  class space    used 8331K, committed 9024K, reserved 1048576K
}
Event: 966.669 GC heap after
{Heap after GC invocations=421 (full 5):
 PSYoungGen      total 6656K, used 800K [0x00000007d5580000, 0x00000007d5d80000, 0x0000000800000000)
  eden space 5632K, 0% used [0x00000007d5580000,0x00000007d5580000,0x00000007d5b00000)
  from space 1024K, 78% used [0x00000007d5c80000,0x00000007d5d48040,0x00000007d5d80000)
  to   space 1024K, 0% used [0x00000007d5b80000,0x00000007d5b80000,0x00000007d5c80000)
 ParOldGen       total 110592K, used 110185K [0x0000000780000000, 0x0000000786c00000, 0x00000007d5580000)
  object space 110592K, 99% used [0x0000000780000000,0x0000000786b9a7c0,0x0000000786c00000)
 Metaspace       used 78672K, committed 80256K, reserved 1179648K
  class space    used 8331K, committed 9024K, reserved 1048576K
}
Event: 966.811 GC heap before
{Heap before GC invocations=422 (full 5):
 PSYoungGen      total 6656K, used 6432K [0x00000007d5580000, 0x00000007d5d80000, 0x0000000800000000)
  eden space 5632K, 100% used [0x00000007d5580000,0x00000007d5b00000,0x00000007d5b00000)
  from space 1024K, 78% used [0x00000007d5c80000,0x00000007d5d48040,0x00000007d5d80000)
  to   space 1024K, 0% used [0x00000007d5b80000,0x00000007d5b80000,0x00000007d5c80000)
 ParOldGen       total 110592K, used 110185K [0x0000000780000000, 0x0000000786c00000, 0x00000007d5580000)
  object space 110592K, 99% used [0x0000000780000000,0x0000000786b9a7c0,0x0000000786c00000)
 Metaspace       used 78677K, committed 80256K, reserved 1179648K
  class space    used 8331K, committed 9024K, reserved 1048576K
}
Event: 966.823 GC heap after
{Heap after GC invocations=422 (full 5):
 PSYoungGen      total 6656K, used 240K [0x00000007d5580000, 0x00000007d5d00000, 0x0000000800000000)
  eden space 5632K, 0% used [0x00000007d5580000,0x00000007d5580000,0x00000007d5b00000)
  from space 1024K, 23% used [0x00000007d5b80000,0x00000007d5bbc010,0x00000007d5c80000)
  to   space 512K, 0% used [0x00000007d5c80000,0x00000007d5c80000,0x00000007d5d00000)
 ParOldGen       total 111104K, used 110659K [0x0000000780000000, 0x0000000786c80000, 0x00000007d5580000)
  object space 111104K, 99% used [0x0000000780000000,0x0000000786c10fb0,0x0000000786c80000)
 Metaspace       used 78677K, committed 80256K, reserved 1179648K
  class space    used 8331K, committed 9024K, reserved 1048576K
}

Dll operation events (20 events):
Event: 0.181 Loaded shared library /Users/DORCH/.vscode/extensions/redhat.java-1.50.0-darwin-x64/jre/21.0.9-macosx-x86_64/lib/libzip.dylib
Event: 0.257 Loaded shared library /Users/DORCH/.vscode/extensions/redhat.java-1.50.0-darwin-x64/jre/21.0.9-macosx-x86_64/lib/libjimage.dylib
Event: 0.380 Loaded shared library /Users/DORCH/.vscode/extensions/redhat.java-1.50.0-darwin-x64/jre/21.0.9-macosx-x86_64/lib/libverify.dylib
Event: 1.174 Loaded shared library /Users/DORCH/.vscode/extensions/redhat.java-1.50.0-darwin-x64/jre/21.0.9-macosx-x86_64/lib/libnet.dylib
Event: 1.900 Loaded shared library /Users/DORCH/Library/Application Support/Code/User/globalStorage/redhat.java/1.50.0/config_mac/org.eclipse.equinox.launcher/org.eclipse.equinox.launcher.cocoa.macosx.x86_64_1.2.1400.v20250801-0854/eclipse_11916.so
Event: 3.448 Loading shared library /Users/DORCH/.vscode/extensions/redhat.java-1.50.0-darwin-x64/jre/21.0.9-macosx-x86_64/lib/libunixfile_1_0_0.dylib failed, dlopen(/Users/DORCH/.vscode/extensions/redhat.java-1.50.0-darwin-x64/jre/21.0.9-macosx-x86_64/lib/libunixfile
Event: 3.448 Loading shared library /Users/DORCH/.vscode/extensions/redhat.java-1.50.0-darwin-x64/jre/21.0.9-macosx-x86_64/lib/libunixfile_1_0_0.jnilib failed, dlopen(/Users/DORCH/.vscode/extensions/redhat.java-1.50.0-darwin-x64/jre/21.0.9-macosx-x86_64/lib/libunixfil
Event: 3.448 Loading shared library /Users/DORCH/Library/Java/Extensions/libunixfile_1_0_0.dylib failed, dlopen(/Users/DORCH/Library/Java/Extensions/libunixfile_1_0_0.dylib, 0x0001): tried: '/Users/DORCH/Library/Java/Extensions/libunixfile_1_0_0.dylib' (no such file)
Event: 3.448 Loading shared library /Users/DORCH/Library/Java/Extensions/libunixfile_1_0_0.jnilib failed, dlopen(/Users/DORCH/Library/Java/Extensions/libunixfile_1_0_0.jnilib, 0x0001): tried: '/Users/DORCH/Library/Java/Extensions/libunixfile_1_0_0.jnilib' (no such fil
Event: 3.448 Loading shared library /Library/Java/Extensions/libunixfile_1_0_0.dylib failed, dlopen(/Library/Java/Extensions/libunixfile_1_0_0.dylib, 0x0001): tried: '/Library/Java/Extensions/libunixfile_1_0_0.dylib' (no such file)
Event: 3.449 Loading shared library /Library/Java/Extensions/libunixfile_1_0_0.jnilib failed, dlopen(/Library/Java/Extensions/libunixfile_1_0_0.jnilib, 0x0001): tried: '/Library/Java/Extensions/libunixfile_1_0_0.jnilib' (no such file)
Event: 3.449 Loading shared library /Network/Library/Java/Extensions/libunixfile_1_0_0.dylib failed, dlopen(/Network/Library/Java/Extensions/libunixfile_1_0_0.dylib, 0x0001): tried: '/Network/Library/Java/Extensions/libunixfile_1_0_0.dylib' (no such file)
Event: 3.449 Loading shared library /Network/Library/Java/Extensions/libunixfile_1_0_0.jnilib failed, dlopen(/Network/Library/Java/Extensions/libunixfile_1_0_0.jnilib, 0x0001): tried: '/Network/Library/Java/Extensions/libunixfile_1_0_0.jnilib' (no such file)
Event: 3.449 Loading shared library /System/Library/Java/Extensions/libunixfile_1_0_0.dylib failed, dlopen(/System/Library/Java/Extensions/libunixfile_1_0_0.dylib, 0x0001): tried: '/System/Library/Java/Extensions/libunixfile_1_0_0.dylib' (no such file)
Event: 3.449 Loading shared library /System/Library/Java/Extensions/libunixfile_1_0_0.jnilib failed, dlopen(/System/Library/Java/Extensions/libunixfile_1_0_0.jnilib, 0x0001): tried: '/System/Library/Java/Extensions/libunixfile_1_0_0.jnilib' (no such file)
Event: 3.449 Loading shared library /usr/lib/java/libunixfile_1_0_0.dylib failed, dlopen(/usr/lib/java/libunixfile_1_0_0.dylib, 0x0001): tried: '/usr/lib/java/libunixfile_1_0_0.dylib' (no such file)
Event: 3.449 Loading shared library /usr/lib/java/libunixfile_1_0_0.jnilib failed, dlopen(/usr/lib/java/libunixfile_1_0_0.jnilib, 0x0001): tried: '/usr/lib/java/libunixfile_1_0_0.jnilib' (no such file)
Event: 3.449 Loading shared library /Users/DORCH/vscode-workspace/WorkoutTA/libunixfile_1_0_0.dylib failed, dlopen(/Users/DORCH/vscode-workspace/WorkoutTA/libunixfile_1_0_0.dylib, 0x0001): tried: '/Users/DORCH/vscode-workspace/WorkoutTA/libunixfile_1_0_0.dylib' (no su
Event: 3.450 Loading shared library /Users/DORCH/vscode-workspace/WorkoutTA/libunixfile_1_0_0.jnilib failed, dlopen(/Users/DORCH/vscode-workspace/WorkoutTA/libunixfile_1_0_0.jnilib, 0x0001): tried: '/Users/DORCH/vscode-workspace/WorkoutTA/libunixfile_1_0_0.jnilib' (no
Event: 20.893 Loaded shared library /Users/DORCH/.vscode/extensions/redhat.java-1.50.0-darwin-x64/jre/21.0.9-macosx-x86_64/lib/libextnet.dylib

Deoptimization events (20 events):
Event: 953.736 Thread 0x00007f847671e400 DEOPT PACKING pc=0x000000011fb8162c sp=0x0000700006d85010
Event: 953.736 Thread 0x00007f847671e400 DEOPT UNPACKING pc=0x000000011efb4399 sp=0x0000700006d84f90 mode 2
Event: 957.149 Thread 0x00007f84762d9200 Uncommon trap: trap_request=0xffffffbe fr.pc=0x000000011f67f420 relative=0x0000000000000b20
Event: 957.149 Thread 0x00007f84762d9200 Uncommon trap: reason=profile_predicate action=maybe_recompile pc=0x000000011f67f420 method=org.eclipse.jdt.internal.compiler.codegen.CharArrayCache.rehash()V @ 54 c2
Event: 957.149 Thread 0x00007f84762d9200 DEOPT PACKING pc=0x000000011f67f420 sp=0x0000700007f3a780
Event: 957.149 Thread 0x00007f84762d9200 DEOPT UNPACKING pc=0x000000011efb4399 sp=0x0000700007f3a760 mode 2
Event: 957.149 Thread 0x00007f84762d9200 Uncommon trap: trap_request=0xffffffbe fr.pc=0x000000011f67f420 relative=0x0000000000000b20
Event: 957.149 Thread 0x00007f84762d9200 Uncommon trap: reason=profile_predicate action=maybe_recompile pc=0x000000011f67f420 method=org.eclipse.jdt.internal.compiler.codegen.CharArrayCache.rehash()V @ 54 c2
Event: 957.149 Thread 0x00007f84762d9200 DEOPT PACKING pc=0x000000011f67f420 sp=0x0000700007f3a770
Event: 957.149 Thread 0x00007f84762d9200 DEOPT UNPACKING pc=0x000000011efb4399 sp=0x0000700007f3a750 mode 2
Event: 957.149 Thread 0x00007f84762d9200 Uncommon trap: trap_request=0xffffff6e fr.pc=0x000000011f67f2ec relative=0x00000000000009ec
Event: 957.149 Thread 0x00007f84762d9200 Uncommon trap: reason=loop_limit_check action=maybe_recompile pc=0x000000011f67f2ec method=org.eclipse.jdt.internal.compiler.codegen.CharArrayCache.rehash()V @ 58 c2
Event: 957.149 Thread 0x00007f84762d9200 DEOPT PACKING pc=0x000000011f67f2ec sp=0x0000700007f3a620
Event: 957.149 Thread 0x00007f84762d9200 DEOPT UNPACKING pc=0x000000011efb4399 sp=0x0000700007f3a5f8 mode 2
Event: 958.013 Thread 0x00007f847a56d800 DEOPT PACKING pc=0x0000000118e52242 sp=0x0000700008a5ae80
Event: 958.013 Thread 0x00007f847a56d800 DEOPT UNPACKING pc=0x000000011efb4b2f sp=0x0000700008a5a320 mode 0
Event: 960.082 Thread 0x00007f847a56d800 Uncommon trap: trap_request=0xffffff45 fr.pc=0x000000011f82cb08 relative=0x0000000000001fa8
Event: 960.082 Thread 0x00007f847a56d800 Uncommon trap: reason=unstable_if action=reinterpret pc=0x000000011f82cb08 method=org.eclipse.jdt.internal.compiler.parser.Scanner.internalScanIdentifierOrKeyword(II[C)Lorg/eclipse/jdt/internal/compiler/parser/TerminalToken; @ 1356 c2
Event: 960.082 Thread 0x00007f847a56d800 DEOPT PACKING pc=0x000000011f82cb08 sp=0x0000700008a5bea0
Event: 960.082 Thread 0x00007f847a56d800 DEOPT UNPACKING pc=0x000000011efb4399 sp=0x0000700008a5be50 mode 2

Classes loaded (20 events):
Event: 608.641 Loading class sun/security/ssl/Alert$Level
Event: 608.641 Loading class sun/security/ssl/Alert$Level done
Event: 725.208 Loading class java/util/ArrayDeque$DeqSpliterator
Event: 725.209 Loading class java/util/ArrayDeque$DeqSpliterator done
Event: 841.991 Loading class sun/security/ssl/PreSharedKeyExtension$PskIdentity
Event: 841.991 Loading class sun/security/ssl/PreSharedKeyExtension$PskIdentity done
Event: 841.992 Loading class sun/security/ssl/PreSharedKeyExtension$CHPreSharedKeySpec
Event: 841.992 Loading class sun/security/ssl/PreSharedKeyExtension$CHPreSharedKeySpec done
Event: 841.992 Loading class sun/security/ssl/PreSharedKeyExtension$PartialClientHelloMessage
Event: 841.992 Loading class sun/security/ssl/PreSharedKeyExtension$PartialClientHelloMessage done
Event: 841.992 Loading class sun/security/ssl/SSLEngineOutputRecord
Event: 841.993 Loading class sun/security/ssl/SSLEngineOutputRecord done
Event: 841.993 Loading class sun/security/ssl/SSLEngineOutputRecord$HandshakeFragment
Event: 841.993 Loading class sun/security/ssl/SSLEngineOutputRecord$HandshakeFragment done
Event: 841.993 Loading class sun/security/ssl/SSLEngineOutputRecord$HandshakeMemo
Event: 841.993 Loading class sun/security/ssl/SSLEngineOutputRecord$RecordMemo
Event: 841.993 Loading class sun/security/ssl/SSLEngineOutputRecord$RecordMemo done
Event: 841.993 Loading class sun/security/ssl/SSLEngineOutputRecord$HandshakeMemo done
Event: 842.005 Loading class sun/security/ssl/PreSharedKeyExtension$SHPreSharedKeySpec
Event: 842.005 Loading class sun/security/ssl/PreSharedKeyExtension$SHPreSharedKeySpec done

Classes unloaded (20 events):
Event: 5.810 Thread 0x00007f8475818c90 Unloading class 0x000000012c322c00 'java/lang/invoke/LambdaForm$MH+0x000000012c322c00'
Event: 5.810 Thread 0x00007f8475818c90 Unloading class 0x000000012c322400 'java/lang/invoke/LambdaForm$MH+0x000000012c322400'
Event: 5.810 Thread 0x00007f8475818c90 Unloading class 0x000000012c321c00 'java/lang/invoke/LambdaForm$MH+0x000000012c321c00'
Event: 5.810 Thread 0x00007f8475818c90 Unloading class 0x000000012c321400 'java/lang/invoke/LambdaForm$MH+0x000000012c321400'
Event: 5.810 Thread 0x00007f8475818c90 Unloading class 0x000000012c320c00 'java/lang/invoke/LambdaForm$DMH+0x000000012c320c00'
Event: 735.873 Thread 0x00007f8475818c90 Unloading class 0x000000012c795400 'java/lang/invoke/LambdaForm$MH+0x000000012c795400'
Event: 735.873 Thread 0x00007f8475818c90 Unloading class 0x000000012c794c00 'java/lang/invoke/LambdaForm$MH+0x000000012c794c00'
Event: 735.873 Thread 0x00007f8475818c90 Unloading class 0x000000012c794000 'java/lang/invoke/LambdaForm$MH+0x000000012c794000'
Event: 735.873 Thread 0x00007f8475818c90 Unloading class 0x000000012c793800 'java/lang/invoke/LambdaForm$MH+0x000000012c793800'
Event: 735.873 Thread 0x00007f8475818c90 Unloading class 0x000000012c793400 'java/lang/invoke/LambdaForm$MH+0x000000012c793400'
Event: 735.873 Thread 0x00007f8475818c90 Unloading class 0x000000012c792c00 'java/lang/invoke/LambdaForm$MH+0x000000012c792c00'
Event: 735.873 Thread 0x00007f8475818c90 Unloading class 0x000000012c792000 'java/lang/invoke/LambdaForm$MH+0x000000012c792000'
Event: 735.873 Thread 0x00007f8475818c90 Unloading class 0x000000012c791c00 'java/lang/invoke/LambdaForm$MH+0x000000012c791c00'
Event: 735.873 Thread 0x00007f8475818c90 Unloading class 0x000000012c791000 'java/lang/invoke/LambdaForm$MH+0x000000012c791000'
Event: 735.873 Thread 0x00007f8475818c90 Unloading class 0x000000012c790800 'java/lang/invoke/LambdaForm$MH+0x000000012c790800'
Event: 735.873 Thread 0x00007f8475818c90 Unloading class 0x000000012c790400 'java/lang/invoke/LambdaForm$MH+0x000000012c790400'
Event: 735.873 Thread 0x00007f8475818c90 Unloading class 0x000000012c788800 'java/lang/invoke/LambdaForm$MH+0x000000012c788800'
Event: 735.873 Thread 0x00007f8475818c90 Unloading class 0x000000012c788400 'java/lang/invoke/LambdaForm$DMH+0x000000012c788400'
Event: 735.873 Thread 0x00007f8475818c90 Unloading class 0x000000012c6a9000 'java/lang/invoke/LambdaForm$MH+0x000000012c6a9000'
Event: 735.873 Thread 0x00007f8475818c90 Unloading class 0x000000012c6a8800 'java/lang/invoke/LambdaForm$MH+0x000000012c6a8800'

Classes redefined (0 events):
No events

Internal exceptions (20 events):
Event: 940.962 Thread 0x00007f847a56d800 Exception <a 'java/lang/NullPointerException'{0x00000007d59bcea8}> (0x00000007d59bcea8) 
thrown [src/hotspot/share/runtime/sharedRuntime.cpp, line 625]
Event: 940.962 Thread 0x00007f847a56d800 Implicit null exception at 0x00000001190b4799 to 0x00000001190b4d45
Event: 940.962 Thread 0x00007f847a56d800 Exception <a 'java/lang/NullPointerException'{0x00000007d59bdce0}> (0x00000007d59bdce0) 
thrown [src/hotspot/share/runtime/sharedRuntime.cpp, line 625]
Event: 940.962 Thread 0x00007f847a56d800 Implicit null exception at 0x00000001190b4799 to 0x00000001190b4d45
Event: 940.962 Thread 0x00007f847a56d800 Exception <a 'java/lang/NullPointerException'{0x00000007d59be520}> (0x00000007d59be520) 
thrown [src/hotspot/share/runtime/sharedRuntime.cpp, line 625]
Event: 940.962 Thread 0x00007f847a56d800 Implicit null exception at 0x00000001190b4799 to 0x00000001190b4d45
Event: 940.962 Thread 0x00007f847a56d800 Exception <a 'java/lang/NullPointerException'{0x00000007d59bf080}> (0x00000007d59bf080) 
thrown [src/hotspot/share/runtime/sharedRuntime.cpp, line 625]
Event: 940.962 Thread 0x00007f847a56d800 Implicit null exception at 0x00000001190b4799 to 0x00000001190b4d45
Event: 940.962 Thread 0x00007f847a56d800 Exception <a 'java/lang/NullPointerException'{0x00000007d59bfaa8}> (0x00000007d59bfaa8) 
thrown [src/hotspot/share/runtime/sharedRuntime.cpp, line 625]
Event: 940.963 Thread 0x00007f847a56d800 Implicit null exception at 0x00000001190b4799 to 0x00000001190b4d45
Event: 940.963 Thread 0x00007f847a56d800 Exception <a 'java/lang/NullPointerException'{0x00000007d59c1848}> (0x00000007d59c1848) 
thrown [src/hotspot/share/runtime/sharedRuntime.cpp, line 625]
Event: 940.963 Thread 0x00007f847a56d800 Implicit null exception at 0x00000001190b4799 to 0x00000001190b4d45
Event: 940.963 Thread 0x00007f847a56d800 Exception <a 'java/lang/NullPointerException'{0x00000007d59c24a0}> (0x00000007d59c24a0) 
thrown [src/hotspot/share/runtime/sharedRuntime.cpp, line 625]
Event: 941.568 Thread 0x00007f8476988c00 Exception <a 'sun/nio/fs/UnixException'{0x00000007d593aa60}> (0x00000007d593aa60) 
thrown [src/hotspot/share/prims/jni.cpp, line 520]
Event: 941.719 Thread 0x00007f8476988c00 Exception <a 'sun/nio/fs/UnixException'{0x00000007d5586e60}> (0x00000007d5586e60) 
thrown [src/hotspot/share/prims/jni.cpp, line 520]
Event: 948.287 Thread 0x00007f8476988c00 Exception <a 'sun/nio/fs/UnixException'{0x00000007d56ef870}> (0x00000007d56ef870) 
thrown [src/hotspot/share/prims/jni.cpp, line 520]
Event: 948.405 Thread 0x00007f8476988c00 Exception <a 'sun/nio/fs/UnixException'{0x00000007d55809d8}> (0x00000007d55809d8) 
thrown [src/hotspot/share/prims/jni.cpp, line 520]
Event: 952.568 Thread 0x00007f84765f9a00 Exception <a 'java/lang/IncompatibleClassChangeError'{0x00000007d58d0980}: Found class java.lang.Object, but interface was expected> (0x00000007d58d0980) 
thrown [src/hotspot/share/interpreter/linkResolver.cpp, line 840]
Event: 966.190 Thread 0x00007f8476988c00 Exception <a 'sun/nio/fs/UnixException'{0x00000007d5830be0}> (0x00000007d5830be0) 
thrown [src/hotspot/share/prims/jni.cpp, line 520]
Event: 966.324 Thread 0x00007f8476988c00 Exception <a 'sun/nio/fs/UnixException'{0x00000007d5615560}> (0x00000007d5615560) 
thrown [src/hotspot/share/prims/jni.cpp, line 520]

ZGC Phase Switch (0 events):
No events

VM Operations (20 events):
Event: 964.454 Executing VM operation: ParallelGCFailedAllocation (Allocation Failure)
Event: 964.456 Executing VM operation: ParallelGCFailedAllocation (Allocation Failure) done
Event: 964.600 Executing VM operation: ParallelGCFailedAllocation (Allocation Failure)
Event: 964.604 Executing VM operation: ParallelGCFailedAllocation (Allocation Failure) done
Event: 966.195 Executing VM operation: ParallelGCFailedAllocation (Allocation Failure)
Event: 966.208 Executing VM operation: ParallelGCFailedAllocation (Allocation Failure) done
Event: 966.259 Executing VM operation: ParallelGCFailedAllocation (Allocation Failure)
Event: 966.268 Executing VM operation: ParallelGCFailedAllocation (Allocation Failure) done
Event: 966.287 Executing VM operation: ParallelGCFailedAllocation (Allocation Failure)
Event: 966.299 Executing VM operation: ParallelGCFailedAllocation (Allocation Failure) done
Event: 966.319 Executing VM operation: ParallelGCFailedAllocation (Allocation Failure)
Event: 966.323 Executing VM operation: ParallelGCFailedAllocation (Allocation Failure) done
Event: 966.329 Executing VM operation: ParallelGCFailedAllocation (Allocation Failure)
Event: 966.332 Executing VM operation: ParallelGCFailedAllocation (Allocation Failure) done
Event: 966.345 Executing VM operation: ParallelGCFailedAllocation (Allocation Failure)
Event: 966.351 Executing VM operation: ParallelGCFailedAllocation (Allocation Failure) done
Event: 966.654 Executing VM operation: ParallelGCFailedAllocation (Allocation Failure)
Event: 966.669 Executing VM operation: ParallelGCFailedAllocation (Allocation Failure) done
Event: 966.811 Executing VM operation: ParallelGCFailedAllocation (Allocation Failure)
Event: 966.823 Executing VM operation: ParallelGCFailedAllocation (Allocation Failure) done

Memory protections (20 events):
Event: 939.962 Protecting memory [0x0000700007a30000,0x0000700007a34000] with protection modes 3
Event: 940.065 Protecting memory [0x0000700007a30000,0x0000700007a34000] with protection modes 0
Event: 940.914 Protecting memory [0x0000700007a30000,0x0000700007a34000] with protection modes 3
Event: 940.980 Protecting memory [0x0000700007a30000,0x0000700007a34000] with protection modes 0
Event: 941.437 Protecting memory [0x0000700007a30000,0x0000700007a34000] with protection modes 3
Event: 941.676 Protecting memory [0x0000700007a30000,0x0000700007a34000] with protection modes 0
Event: 941.762 Protecting memory [0x0000700007e3c000,0x0000700007e40000] with protection modes 0
Event: 953.292 Protecting memory [0x0000700007f3f000,0x0000700007f43000] with protection modes 0
Event: 953.959 Protecting memory [0x0000700007f3f000,0x0000700007f43000] with protection modes 3
Event: 958.103 Protecting memory [0x0000700007f3f000,0x0000700007f43000] with protection modes 0
Event: 958.533 Protecting memory [0x0000700007f3f000,0x0000700007f43000] with protection modes 3
Event: 958.625 Protecting memory [0x0000700007f3f000,0x0000700007f43000] with protection modes 0
Event: 958.990 Protecting memory [0x0000700007f3f000,0x0000700007f43000] with protection modes 3
Event: 966.436 Protecting memory [0x0000700007f3f000,0x0000700007f43000] with protection modes 0
Event: 966.521 Protecting memory [0x0000700008551000,0x0000700008555000] with protection modes 0
Event: 966.570 Protecting memory [0x0000700008654000,0x0000700008658000] with protection modes 0
Event: 966.700 Protecting memory [0x000070000885a000,0x000070000885e000] with protection modes 0
Event: 966.701 Protecting memory [0x0000700008654000,0x0000700008658000] with protection modes 3
Event: 966.776 Protecting memory [0x0000700006368000,0x000070000636c000] with protection modes 0
Event: 966.777 Protecting memory [0x000070000885a000,0x000070000885e000] with protection modes 3

Nmethod flushes (20 events):
Event: 801.954 Thread 0x00007f8475818c90 flushing  nmethod 0x0000000119aaab10
Event: 801.954 Thread 0x00007f8475818c90 flushing  nmethod 0x0000000119ab2e10
Event: 801.954 Thread 0x00007f8475818c90 flushing  nmethod 0x0000000119ab7490
Event: 801.954 Thread 0x00007f8475818c90 flushing  nmethod 0x0000000119ab7f90
Event: 801.954 Thread 0x00007f8475818c90 flushing  nmethod 0x0000000119ab8e90
Event: 801.954 Thread 0x00007f8475818c90 flushing  nmethod 0x0000000119abac10
Event: 801.954 Thread 0x00007f8475818c90 flushing  nmethod 0x0000000119abb690
Event: 801.954 Thread 0x00007f8475818c90 flushing  nmethod 0x0000000119abd590
Event: 801.954 Thread 0x00007f8475818c90 flushing  nmethod 0x0000000119abd910
Event: 801.954 Thread 0x00007f8475818c90 flushing  nmethod 0x0000000119ac8a10
Event: 801.954 Thread 0x00007f8475818c90 flushing osr nmethod 0x0000000119ad6410
Event: 801.954 Thread 0x00007f8475818c90 flushing  nmethod 0x0000000119ae4990
Event: 801.954 Thread 0x00007f8475818c90 flushing  nmethod 0x0000000119ae5b10
Event: 801.954 Thread 0x00007f8475818c90 flushing  nmethod 0x0000000119ae6610
Event: 801.954 Thread 0x00007f8475818c90 flushing  nmethod 0x0000000119ae8e90
Event: 801.954 Thread 0x00007f8475818c90 flushing  nmethod 0x0000000119aef990
Event: 801.954 Thread 0x00007f8475818c90 flushing  nmethod 0x0000000119af6910
Event: 801.954 Thread 0x00007f8475818c90 flushing  nmethod 0x0000000119aff090
Event: 801.954 Thread 0x00007f8475818c90 flushing  nmethod 0x0000000119b07710
Event: 801.954 Thread 0x00007f8475818c90 flushing  nmethod 0x0000000119b24690

Events (20 events):
Event: 939.962 Thread 0x00007f847632ea00 Thread exited: 0x00007f847632ea00
Event: 940.065 Thread 0x00007f847500c000 Thread added: 0x00007f84757b2a00
Event: 940.914 Thread 0x00007f84757b2a00 Thread exited: 0x00007f84757b2a00
Event: 940.980 Thread 0x00007f847500c000 Thread added: 0x00007f847ad66400
Event: 941.437 Thread 0x00007f847ad66400 Thread exited: 0x00007f847ad66400
Event: 941.676 Thread 0x00007f8476300600 Thread added: 0x00007f847b90d000
Event: 941.761 Thread 0x00007f847a56d800 Thread added: 0x00007f84762d9200
Event: 953.292 Thread 0x00007f8476028400 Thread added: 0x00007f847a890c00
Event: 953.959 Thread 0x00007f847a890c00 Thread exited: 0x00007f847a890c00
Event: 958.103 Thread 0x00007f8476028400 Thread added: 0x00007f8475460200
Event: 958.533 Thread 0x00007f8475460200 Thread exited: 0x00007f8475460200
Event: 958.624 Thread 0x00007f8476028400 Thread added: 0x00007f8475460200
Event: 958.990 Thread 0x00007f8475460200 Thread exited: 0x00007f8475460200
Event: 966.436 Thread 0x00007f847c8a3c00 Thread added: 0x00007f84750f8a00
Event: 966.521 Thread 0x00007f84750f8a00 Thread added: 0x00007f8476ca7a00
Event: 966.570 Thread 0x00007f8476ca7a00 Thread added: 0x00007f847b981200
Event: 966.700 Thread 0x00007f84750f8a00 Thread added: 0x00007f84752b1a00
Event: 966.701 Thread 0x00007f847b981200 Thread exited: 0x00007f847b981200
Event: 966.776 Thread 0x00007f84752b1a00 Thread added: 0x00007f84752b0c00
Event: 966.777 Thread 0x00007f84752b1a00 Thread exited: 0x00007f84752b1a00


Dynamic libraries:
0x000000010fbee000 	/Users/DORCH/.vscode/extensions/redhat.java-1.50.0-darwin-x64/jre/21.0.9-macosx-x86_64/lib/libjli.dylib
0x00007ff81d3a2000 	/System/Library/Frameworks/Cocoa.framework/Versions/A/Cocoa
0x00007ff808fe0000 	/System/Library/Frameworks/AppKit.framework/Versions/C/AppKit
0x00007ff80c4f6000 	/System/Library/Frameworks/CoreData.framework/Versions/A/CoreData
0x00007ff8073df000 	/System/Library/Frameworks/Foundation.framework/Versions/C/Foundation
0x00007ff811319000 	/usr/lib/libSystem.B.dylib
0x00007ff809e70000 	/System/Library/PrivateFrameworks/UIFoundation.framework/Versions/A/UIFoundation
0x00007ff817290000 	/System/Library/PrivateFrameworks/RemoteViewServices.framework/Versions/A/RemoteViewServices
0x00007ff80f56c000 	/System/Library/PrivateFrameworks/XCTTargetBootstrap.framework/Versions/A/XCTTargetBootstrap
0x00007ff813126000 	/System/Library/PrivateFrameworks/InternationalSupport.framework/Versions/A/InternationalSupport
0x00007ff8131b0000 	/System/Library/PrivateFrameworks/UserActivity.framework/Versions/A/UserActivity
0x00007ff812501000 	/usr/lib/libspindump.dylib
0x00007ff80a0ff000 	/System/Library/Frameworks/UniformTypeIdentifiers.framework/Versions/A/UniformTypeIdentifiers
0x00007ff80dc91000 	/usr/lib/libapp_launch_measurement.dylib
0x00007ff80cec8000 	/System/Library/PrivateFrameworks/CoreAnalytics.framework/Versions/A/CoreAnalytics
0x00007ff80dc94000 	/System/Library/PrivateFrameworks/CoreAutoLayout.framework/Versions/A/CoreAutoLayout
0x00007ff80eec4000 	/System/Library/Frameworks/Metal.framework/Versions/A/Metal
0x00007ff80fbf3000 	/usr/lib/liblangid.dylib
0x00007ff80f571000 	/System/Library/PrivateFrameworks/CoreSVG.framework/Versions/A/CoreSVG
0x00007ff80b4ea000 	/System/Library/PrivateFrameworks/SkyLight.framework/Versions/A/SkyLight
0x00007ff80b889000 	/System/Library/Frameworks/CoreGraphics.framework/Versions/A/CoreGraphics
0x00007ff817950000 	/System/Library/Frameworks/Accelerate.framework/Versions/A/Accelerate
0x00007ff811f80000 	/System/Library/PrivateFrameworks/IconServices.framework/Versions/A/IconServices
0x00007ff80eea9000 	/System/Library/Frameworks/IOSurface.framework/Versions/A/IOSurface
0x00007ff80cef6000 	/usr/lib/libDiagnosticMessagesClient.dylib
0x00007ff811239000 	/usr/lib/libz.1.dylib
0x00007ff81b046000 	/System/Library/Frameworks/ApplicationServices.framework/Versions/A/ApplicationServices
0x00007ff80f558000 	/System/Library/PrivateFrameworks/DFRFoundation.framework/Versions/A/DFRFoundation
0x00007ff8088c4000 	/usr/lib/libicucore.A.dylib
0x00007ff813f1c000 	/System/Library/Frameworks/AudioToolbox.framework/Versions/A/AudioToolbox
0x00007ff813132000 	/System/Library/PrivateFrameworks/DataDetectorsCore.framework/Versions/A/DataDetectorsCore
0x00007ff90f634000 	/System/Library/PrivateFrameworks/TextInput.framework/Versions/A/TextInput
0x00007ff80b46d000 	/usr/lib/libMobileGestalt.dylib
0x00007ff80f264000 	/System/Library/Frameworks/Carbon.framework/Versions/A/Frameworks/HIToolbox.framework/Versions/A/HIToolbox
0x00007ff80d693000 	/System/Library/Frameworks/QuartzCore.framework/Versions/A/QuartzCore
0x00007ff808569000 	/System/Library/Frameworks/Security.framework/Versions/A/Security
0x00007ff8172c8000 	/System/Library/Frameworks/Carbon.framework/Versions/A/Frameworks/SpeechRecognition.framework/Versions/A/SpeechRecognition
0x00007ff80d9f1000 	/System/Library/PrivateFrameworks/CoreUI.framework/Versions/A/CoreUI
0x00007ff807e33000 	/System/Library/Frameworks/CoreAudio.framework/Versions/A/CoreAudio
0x00007ff80cfe5000 	/System/Library/Frameworks/DiskArbitration.framework/Versions/A/DiskArbitration
0x00007ff8128f2000 	/System/Library/PrivateFrameworks/MultitouchSupport.framework/Versions/A/MultitouchSupport
0x00007ff80b46c000 	/usr/lib/libenergytrace.dylib
0x00007ff808ec8000 	/System/Library/Frameworks/IOKit.framework/Versions/A/IOKit
0x00007ff8176b8000 	/System/Library/Frameworks/CoreServices.framework/Versions/A/CoreServices
0x00007ff80dc2b000 	/System/Library/PrivateFrameworks/PerformanceAnalysis.framework/Versions/A/PerformanceAnalysis
0x00007ffa1f305000 	/System/Library/Frameworks/OpenGL.framework/Versions/A/OpenGL
0x00007ff810855000 	/System/Library/PrivateFrameworks/MobileKeyBag.framework/Versions/A/MobileKeyBag
0x00007ff8063a7000 	/usr/lib/libobjc.A.dylib
0x00007ff80bf55000 	/System/Library/Frameworks/ColorSync.framework/Versions/A/ColorSync
0x00007ff806562000 	/System/Library/Frameworks/CoreFoundation.framework/Versions/A/CoreFoundation
0x00007ff80f7e9000 	/System/Library/Frameworks/CoreImage.framework/Versions/A/CoreImage
0x00007ff807c47000 	/System/Library/Frameworks/CoreText.framework/Versions/A/CoreText
0x00007ff80f5a1000 	/System/Library/Frameworks/ImageIO.framework/Versions/A/ImageIO
0x00007ff81131f000 	/System/Library/PrivateFrameworks/SoftLinking.framework/Versions/A/SoftLinking
0x00007ff80dcdc000 	/usr/lib/libxml2.2.dylib
0x00007ff80646e000 	/usr/lib/libc++.1.dylib
0x00007ff8115a3000 	/usr/lib/libcompression.dylib
0x00007ff813059000 	/System/Library/PrivateFrameworks/TextureIO.framework/Versions/A/TextureIO
0x00007ff811c91000 	/usr/lib/libate.dylib
0x00007ff811314000 	/usr/lib/system/libcache.dylib
0x00007ff8112d0000 	/usr/lib/system/libcommonCrypto.dylib
0x00007ff8112f9000 	/usr/lib/system/libcompiler_rt.dylib
0x00007ff8112ef000 	/usr/lib/system/libcopyfile.dylib
0x00007ff8062a2000 	/usr/lib/system/libcorecrypto.dylib
0x00007ff806360000 	/usr/lib/system/libdispatch.dylib
0x00007ff806521000 	/usr/lib/system/libdyld.dylib
0x00007ff81130b000 	/usr/lib/system/libkeymgr.dylib
0x00007ff8112ae000 	/usr/lib/system/libmacho.dylib
0x00007ff81092f000 	/usr/lib/system/libquarantine.dylib
0x00007ff811309000 	/usr/lib/system/libremovefile.dylib
0x00007ff80b4ba000 	/usr/lib/system/libsystem_asl.dylib
0x00007ff80624b000 	/usr/lib/system/libsystem_blocks.dylib
0x00007ff8063e5000 	/usr/lib/system/libsystem_c.dylib
0x00007ff811301000 	/usr/lib/system/libsystem_collections.dylib
0x00007ff80fbe3000 	/usr/lib/system/libsystem_configuration.dylib
0x00007ff80ee8c000 	/usr/lib/system/libsystem_containermanager.dylib
0x00007ff810fe6000 	/usr/lib/system/libsystem_coreservices.dylib
0x00007ff808b58000 	/usr/lib/system/libsystem_darwin.dylib
0x00007ff81130c000 	/usr/lib/system/libsystem_dnssd.dylib
0x00007ff8063e2000 	/usr/lib/system/libsystem_featureflags.dylib
0x00007ff806537000 	/usr/lib/system/libsystem_info.dylib
0x00007ff81124c000 	/usr/lib/system/libsystem_m.dylib
0x00007ff806334000 	/usr/lib/system/libsystem_malloc.dylib
0x00007ff80b455000 	/usr/lib/system/libsystem_networkextension.dylib
0x00007ff808f82000 	/usr/lib/system/libsystem_notify.dylib
0x00007ff81758d000 	/usr/lib/system/libsystem_product_info_filter.dylib
0x00007ff80fbe7000 	/usr/lib/system/libsystem_sandbox.dylib
0x00007ff811306000 	/usr/lib/system/libsystem_secinit.dylib
0x00007ff8064dd000 	/usr/lib/system/libsystem_kernel.dylib
0x00007ff80652d000 	/usr/lib/system/libsystem_platform.dylib
0x00007ff806515000 	/usr/lib/system/libsystem_pthread.dylib
0x00007ff80cd08000 	/usr/lib/system/libsystem_symptoms.dylib
0x00007ff806289000 	/usr/lib/system/libsystem_trace.dylib
0x00007ff8112dc000 	/usr/lib/system/libunwind.dylib
0x00007ff80624d000 	/usr/lib/system/libxpc.dylib
0x00007ff8064c7000 	/usr/lib/libc++abi.dylib
0x00007ff8112e7000 	/usr/lib/liboah.dylib
0x00007ff811a6d000 	/usr/lib/liblzma.5.dylib
0x00007ff8070f1000 	/System/Library/Frameworks/SystemConfiguration.framework/Versions/A/SystemConfiguration
0x00007ff81131b000 	/usr/lib/libfakelink.dylib
0x00007ff80afc6000 	/System/Library/Frameworks/CFNetwork.framework/Versions/A/CFNetwork
0x00007ff81145c000 	/usr/lib/libarchive.2.dylib
0x00007ff80fbef000 	/System/Library/PrivateFrameworks/AppleSystemInfo.framework/Versions/A/AppleSystemInfo
0x00007ff810956000 	/usr/lib/libbsm.0.dylib
0x00007ff80a5d5000 	/usr/lib/libnetwork.dylib
0x00007ff8112b4000 	/usr/lib/system/libkxld.dylib
0x00007ff810589000 	/System/Library/PrivateFrameworks/IOMobileFramebuffer.framework/Versions/A/IOMobileFramebuffer
0x00007ffb1ecbd000 	/usr/lib/libCoreEntitlements.dylib
0x00007ff810fc8000 	/System/Library/PrivateFrameworks/AppleFSCompression.framework/Versions/A/AppleFSCompression
0x00007ff81093e000 	/usr/lib/libcoretls.dylib
0x00007ff811a87000 	/usr/lib/libcoretls_cfhelpers.dylib
0x00007ff81159d000 	/usr/lib/libpam.2.dylib
0x00007ff80c927000 	/usr/lib/libsqlite3.dylib
0x00007ff811af6000 	/usr/lib/libxar.1.dylib
0x00007ff810fd8000 	/usr/lib/libbz2.1.0.dylib
0x00007ff811320000 	/usr/lib/libpcap.A.dylib
0x00007ff80cd00000 	/usr/lib/libdns_services.dylib
0x00007ff81156d000 	/usr/lib/libapple_nghttp2.dylib
0x00007ff81135a000 	/usr/lib/libiconv.2.dylib
0x00007ff8112ad000 	/usr/lib/libcharset.1.dylib
0x00007ff80dc5f000 	/System/Library/Frameworks/CoreServices.framework/Versions/A/Frameworks/FSEvents.framework/Versions/A/FSEvents
0x00007ff808b62000 	/System/Library/Frameworks/CoreServices.framework/Versions/A/Frameworks/CarbonCore.framework/Versions/A/CarbonCore
0x00007ff80cf49000 	/System/Library/Frameworks/CoreServices.framework/Versions/A/Frameworks/Metadata.framework/Versions/A/Metadata
0x00007ff810feb000 	/System/Library/Frameworks/CoreServices.framework/Versions/A/Frameworks/OSServices.framework/Versions/A/OSServices
0x00007ff8114e2000 	/System/Library/Frameworks/CoreServices.framework/Versions/A/Frameworks/SearchKit.framework/Versions/A/SearchKit
0x00007ff80cc92000 	/System/Library/Frameworks/CoreServices.framework/Versions/A/Frameworks/AE.framework/Versions/A/AE
0x00007ff806a65000 	/System/Library/Frameworks/CoreServices.framework/Versions/A/Frameworks/LaunchServices.framework/Versions/A/LaunchServices
0x00007ff811a1e000 	/System/Library/Frameworks/CoreServices.framework/Versions/A/Frameworks/DictionaryServices.framework/Versions/A/DictionaryServices
0x00007ff80dc6c000 	/System/Library/Frameworks/CoreServices.framework/Versions/A/Frameworks/SharedFileList.framework/Versions/A/SharedFileList
0x00007ff810932000 	/usr/lib/libCheckFix.dylib
0x00007ff80b4d1000 	/System/Library/PrivateFrameworks/TCC.framework/Versions/A/TCC
0x00007ff80fbf5000 	/System/Library/PrivateFrameworks/CoreNLP.framework/Versions/A/CoreNLP
0x00007ff80cef9000 	/System/Library/PrivateFrameworks/MetadataUtilities.framework/Versions/A/MetadataUtilities
0x00007ff8071a2000 	/usr/lib/libmecabra.dylib
0x00007ff810966000 	/usr/lib/libmecab.dylib
0x00007ff80716d000 	/usr/lib/libCRFSuite.dylib
0x00007ff8109c0000 	/usr/lib/libgermantok.dylib
0x00007ff811548000 	/usr/lib/libThaiTokenizer.dylib
0x00007ff80cfec000 	/System/Library/Frameworks/Accelerate.framework/Versions/A/Frameworks/vImage.framework/Versions/A/vImage
0x00007ff81768f000 	/System/Library/Frameworks/Accelerate.framework/Versions/A/Frameworks/vecLib.framework/Versions/A/vecLib
0x00007ff811b37000 	/System/Library/Frameworks/Accelerate.framework/Versions/A/Frameworks/vecLib.framework/Versions/A/libvMisc.dylib
0x00007ff8103b4000 	/System/Library/Frameworks/Accelerate.framework/Versions/A/Frameworks/vecLib.framework/Versions/A/libvDSP.dylib
0x00007ff806de1000 	/System/Library/Frameworks/Accelerate.framework/Versions/A/Frameworks/vecLib.framework/Versions/A/libBLAS.dylib
0x00007ff811680000 	/System/Library/Frameworks/Accelerate.framework/Versions/A/Frameworks/vecLib.framework/Versions/A/libLAPACK.dylib
0x00007ff8109c3000 	/System/Library/Frameworks/Accelerate.framework/Versions/A/Frameworks/vecLib.framework/Versions/A/libLinearAlgebra.dylib
0x00007ff811585000 	/System/Library/Frameworks/Accelerate.framework/Versions/A/Frameworks/vecLib.framework/Versions/A/libSparseBLAS.dylib
0x00007ff81167a000 	/System/Library/Frameworks/Accelerate.framework/Versions/A/Frameworks/vecLib.framework/Versions/A/libQuadrature.dylib
0x00007ff80fce0000 	/System/Library/Frameworks/Accelerate.framework/Versions/A/Frameworks/vecLib.framework/Versions/A/libBNNS.dylib
0x00007ff80707b000 	/System/Library/Frameworks/Accelerate.framework/Versions/A/Frameworks/vecLib.framework/Versions/A/libSparse.dylib
0x00007ff80fcd9000 	/System/Library/PrivateFrameworks/LinguisticData.framework/Versions/A/LinguisticData
0x00007ff807031000 	/System/Library/PrivateFrameworks/Lexicon.framework/Versions/A/Lexicon
0x00007ff811b30000 	/usr/lib/libChineseTokenizer.dylib
0x00007ff80779c000 	/System/Library/PrivateFrameworks/LanguageModeling.framework/Versions/A/LanguageModeling
0x00007ff81154a000 	/System/Library/PrivateFrameworks/AppleSauce.framework/Versions/A/AppleSauce
0x00007ff810577000 	/System/Library/PrivateFrameworks/CoreEmoji.framework/Versions/A/CoreEmoji
0x00007ff81144b000 	/usr/lib/libcmph.dylib
0x00007ff80dc43000 	/System/Library/Frameworks/OpenDirectory.framework/Versions/A/Frameworks/CFOpenDirectory.framework/Versions/A/CFOpenDirectory
0x00007ff80dc37000 	/System/Library/Frameworks/OpenDirectory.framework/Versions/A/OpenDirectory
0x00007ff811a89000 	/System/Library/PrivateFrameworks/APFS.framework/Versions/A/APFS
0x00007ff81088d000 	/System/Library/Frameworks/SecurityFoundation.framework/Versions/A/SecurityFoundation
0x00007ff811b04000 	/usr/lib/libutil.dylib
0x00007ff808e8c000 	/System/Library/PrivateFrameworks/CoreServicesStore.framework/Versions/A/CoreServicesStore
0x00007ff811b08000 	/usr/lib/libxslt.1.dylib
0x00007ff81091a000 	/System/Library/PrivateFrameworks/BackgroundTaskManagement.framework/Versions/A/BackgroundTaskManagement
0x00007ff812f79000 	/System/Library/Frameworks/ImageIO.framework/Versions/A/Resources/libRadiance.dylib
0x00007ff812f82000 	/System/Library/Frameworks/ImageIO.framework/Versions/A/Resources/libJPEG.dylib
0x00007ff812ed1000 	/System/Library/Frameworks/ImageIO.framework/Versions/A/Resources/libPng.dylib
0x00007ff812ef2000 	/System/Library/Frameworks/ImageIO.framework/Versions/A/Resources/libTIFF.dylib
0x00007ff812fe2000 	/System/Library/Frameworks/ImageIO.framework/Versions/A/Resources/libGIF.dylib
0x00007ff81280b000 	/System/Library/Frameworks/ImageIO.framework/Versions/A/Resources/libJP2.dylib
0x00007ff811f46000 	/usr/lib/libexpat.1.dylib
0x00007ff8127c0000 	/System/Library/PrivateFrameworks/AppleJPEG.framework/Versions/A/AppleJPEG
0x00007ff80f129000 	/System/Library/PrivateFrameworks/FontServices.framework/libFontParser.dylib
0x00007ff80cc3c000 	/System/Library/PrivateFrameworks/RunningBoardServices.framework/Versions/A/RunningBoardServices
0x00007ff81d95d000 	/System/Library/PrivateFrameworks/IOSurfaceAccelerator.framework/Versions/A/IOSurfaceAccelerator
0x00007ff8128ee000 	/System/Library/PrivateFrameworks/WatchdogClient.framework/Versions/A/WatchdogClient
0x00007ff80788a000 	/System/Library/Frameworks/CoreDisplay.framework/Versions/A/CoreDisplay
0x00007ff80f027000 	/System/Library/Frameworks/CoreMedia.framework/Versions/A/CoreMedia
0x00007ff80eebb000 	/System/Library/PrivateFrameworks/IOAccelerator.framework/Versions/A/IOAccelerator
0x00007ff80ddc0000 	/System/Library/Frameworks/CoreVideo.framework/Versions/A/CoreVideo
0x00007ff81159b000 	/System/Library/Frameworks/MetalPerformanceShaders.framework/Versions/A/MetalPerformanceShaders
0x00007ff81292b000 	/System/Library/Frameworks/VideoToolbox.framework/Versions/A/VideoToolbox
0x00007ff80cb86000 	/System/Library/PrivateFrameworks/BaseBoard.framework/Versions/A/BaseBoard
0x00007ff80c90d000 	/System/Library/PrivateFrameworks/ProtocolBuffer.framework/Versions/A/ProtocolBuffer
0x00007ff812f72000 	/System/Library/PrivateFrameworks/GPUWrangler.framework/Versions/A/GPUWrangler
0x00007ff812f56000 	/System/Library/PrivateFrameworks/IOPresentment.framework/Versions/A/IOPresentment
0x00007ff812f7c000 	/System/Library/PrivateFrameworks/DSExternalDisplay.framework/Versions/A/DSExternalDisplay
0x00007ffa1f2f9000 	/System/Library/Frameworks/OpenGL.framework/Versions/A/Libraries/libCoreFSCache.dylib
0x00007ffb0c3d0000 	/System/Library/PrivateFrameworks/GPUCompiler.framework/Versions/31001/Libraries/libGPUCompilerUtils.dylib
0x00007ff812fe7000 	/System/Library/PrivateFrameworks/CMCaptureCore.framework/Versions/A/CMCaptureCore
0x00007ff8124ef000 	/System/Library/PrivateFrameworks/AppServerSupport.framework/Versions/A/AppServerSupport
0x00007ff8147b5000 	/System/Library/PrivateFrameworks/perfdata.framework/Versions/A/perfdata
0x00007ff8079b6000 	/System/Library/PrivateFrameworks/AudioToolboxCore.framework/Versions/A/AudioToolboxCore
0x00007ff80f005000 	/System/Library/PrivateFrameworks/caulk.framework/Versions/A/caulk
0x00007ff8140c7000 	/usr/lib/libAudioStatistics.dylib
0x00007ff90bdba000 	/System/Library/PrivateFrameworks/SystemPolicy.framework/Versions/A/SystemPolicy
0x00007ff814322000 	/usr/lib/libSMC.dylib
0x00007ff81d255000 	/System/Library/Frameworks/CoreMIDI.framework/Versions/A/CoreMIDI
0x00007ff812ea0000 	/usr/lib/libAudioToolboxUtility.dylib
0x00007ff907fde000 	/System/Library/PrivateFrameworks/OSAServicesClient.framework/Versions/A/OSAServicesClient
0x00007ff8147c2000 	/usr/lib/libperfcheck.dylib
0x00007ff90c86b000 	/usr/lib/libmis.dylib
0x00007ffa1f354000 	/System/Library/Frameworks/OpenGL.framework/Versions/A/Libraries/libGLU.dylib
0x00007ffa1f318000 	/System/Library/Frameworks/OpenGL.framework/Versions/A/Libraries/libGFXShared.dylib
0x00007ffa1f521000 	/System/Library/Frameworks/OpenGL.framework/Versions/A/Libraries/libGL.dylib
0x00007ffa1f321000 	/System/Library/Frameworks/OpenGL.framework/Versions/A/Libraries/libGLImage.dylib
0x00007ffa1f315000 	/System/Library/Frameworks/OpenGL.framework/Versions/A/Libraries/libCVMSPluginSupport.dylib
0x00007ffa1f300000 	/System/Library/Frameworks/OpenGL.framework/Versions/A/Libraries/libCoreVMClient.dylib
0x00007ff80fb71000 	/System/Library/Frameworks/MetalPerformanceShaders.framework/Versions/A/Frameworks/MPSCore.framework/Versions/A/MPSCore
0x00007ff810f33000 	/System/Library/Frameworks/MetalPerformanceShaders.framework/Versions/A/Frameworks/MPSImage.framework/Versions/A/MPSImage
0x00007ff8109d9000 	/System/Library/Frameworks/MetalPerformanceShaders.framework/Versions/A/Frameworks/MPSNeuralNetwork.framework/Versions/A/MPSNeuralNetwork
0x00007ff810e4d000 	/System/Library/Frameworks/MetalPerformanceShaders.framework/Versions/A/Frameworks/MPSMatrix.framework/Versions/A/MPSMatrix
0x00007ff810c08000 	/System/Library/Frameworks/MetalPerformanceShaders.framework/Versions/A/Frameworks/MPSRayIntersector.framework/Versions/A/MPSRayIntersector
0x00007ff810e85000 	/System/Library/Frameworks/MetalPerformanceShaders.framework/Versions/A/Frameworks/MPSNDArray.framework/Versions/A/MPSNDArray
0x00007ffa24dd9000 	/System/Library/Frameworks/MetalPerformanceShaders.framework/Versions/A/Frameworks/MPSFunctions.framework/Versions/A/MPSFunctions
0x00007ff806cbd000 	/System/Library/PrivateFrameworks/MetalTools.framework/Versions/A/MetalTools
0x00007ff80fbed000 	/System/Library/PrivateFrameworks/AggregateDictionary.framework/Versions/A/AggregateDictionary
0x00007ff811d28000 	/usr/lib/libIOReport.dylib
0x00007ffa20930000 	/System/Library/Frameworks/OpenCL.framework/Versions/A/OpenCL
0x00007ff81208d000 	/System/Library/PrivateFrameworks/FaceCore.framework/Versions/A/FaceCore
0x00007ff81207e000 	/System/Library/PrivateFrameworks/GraphVisualizer.framework/Versions/A/GraphVisualizer
0x00007ffb0c2db000 	/System/Library/PrivateFrameworks/FontServices.framework/Versions/A/FontServices
0x00007ff8124a7000 	/System/Library/PrivateFrameworks/OTSVG.framework/Versions/A/OTSVG
0x00007ff80d9a6000 	/System/Library/Frameworks/ApplicationServices.framework/Versions/A/Frameworks/ATS.framework/Versions/A/Resources/libFontRegistry.dylib
0x00007ff8124f7000 	/System/Library/PrivateFrameworks/FontServices.framework/libhvf.dylib
0x00007ffb0c2dc000 	/System/Library/PrivateFrameworks/FontServices.framework/libXTFontStaticRegistryData.dylib
0x00007ff811ef6000 	/System/Library/PrivateFrameworks/AppleVA.framework/Versions/A/AppleVA
0x00007ff8140e7000 	/System/Library/Frameworks/ApplicationServices.framework/Versions/A/Frameworks/ATS.framework/Versions/A/ATS
0x00007ff80c053000 	/System/Library/Frameworks/ApplicationServices.framework/Versions/A/Frameworks/HIServices.framework/Versions/A/HIServices
0x00007ff812ff1000 	/System/Library/Frameworks/ApplicationServices.framework/Versions/A/Frameworks/PrintCore.framework/Versions/A/PrintCore
0x00007ff814475000 	/System/Library/Frameworks/ApplicationServices.framework/Versions/A/Frameworks/QD.framework/Versions/A/QD
0x00007ff81446d000 	/System/Library/Frameworks/ApplicationServices.framework/Versions/A/Frameworks/ColorSyncLegacy.framework/Versions/A/ColorSyncLegacy
0x00007ff8140d7000 	/System/Library/Frameworks/ApplicationServices.framework/Versions/A/Frameworks/SpeechSynthesis.framework/Versions/A/SpeechSynthesis
0x00007ff812fb2000 	/System/Library/Frameworks/ApplicationServices.framework/Versions/A/Frameworks/ATSUI.framework/Versions/A/ATSUI
0x00007ff814402000 	/usr/lib/libcups.2.dylib
0x00007ff8147d1000 	/System/Library/Frameworks/Kerberos.framework/Versions/A/Kerberos
0x00007ff8147e0000 	/System/Library/Frameworks/GSS.framework/Versions/A/GSS
0x00007ff814153000 	/usr/lib/libresolv.9.dylib
0x00007ff812506000 	/System/Library/PrivateFrameworks/Heimdal.framework/Versions/A/Heimdal
0x00007ff81b3d8000 	/System/Library/Frameworks/Kerberos.framework/Versions/A/Libraries/libHeimdalProxy.dylib
0x00007ff80cd10000 	/System/Library/Frameworks/Network.framework/Versions/A/Network
0x00007ff811f61000 	/usr/lib/libheimdal-asn1.dylib
0x00007ff81482b000 	/System/Library/PrivateFrameworks/CommonAuth.framework/Versions/A/CommonAuth
0x00007ff814059000 	/System/Library/PrivateFrameworks/AudioSession.framework/Versions/A/AudioSession
0x00007ff811ff1000 	/System/Library/PrivateFrameworks/MediaExperience.framework/Versions/A/MediaExperience
0x00007ff813eeb000 	/System/Library/PrivateFrameworks/AudioSession.framework/libSessionUtility.dylib
0x00007ff814481000 	/System/Library/PrivateFrameworks/AudioResourceArbitration.framework/Versions/A/AudioResourceArbitration
0x00007ff818502000 	/System/Library/PrivateFrameworks/PowerLog.framework/Versions/A/PowerLog
0x00007ff811f6a000 	/System/Library/PrivateFrameworks/IconFoundation.framework/Versions/A/IconFoundation
0x00007ff8172b8000 	/System/Library/PrivateFrameworks/SpeechRecognitionCore.framework/Versions/A/SpeechRecognitionCore
0x0000000113565000 	/Users/DORCH/.vscode/extensions/redhat.java-1.50.0-darwin-x64/jre/21.0.9-macosx-x86_64/lib/server/libjvm.dylib
0x000000010fc16000 	/Users/DORCH/.vscode/extensions/redhat.java-1.50.0-darwin-x64/jre/21.0.9-macosx-x86_64/lib/libjimage.dylib
0x000000010fc39000 	/Users/DORCH/.vscode/extensions/redhat.java-1.50.0-darwin-x64/jre/21.0.9-macosx-x86_64/lib/libinstrument.dylib
0x000000010fc77000 	/Users/DORCH/.vscode/extensions/redhat.java-1.50.0-darwin-x64/jre/21.0.9-macosx-x86_64/lib/libjava.dylib
0x000000010feed000 	/Users/DORCH/.vscode/extensions/redhat.java-1.50.0-darwin-x64/jre/21.0.9-macosx-x86_64/lib/libzip.dylib
0x000000010ff15000 	/Users/DORCH/.vscode/extensions/redhat.java-1.50.0-darwin-x64/jre/21.0.9-macosx-x86_64/lib/libnio.dylib
0x000000010fed9000 	/Users/DORCH/.vscode/extensions/redhat.java-1.50.0-darwin-x64/jre/21.0.9-macosx-x86_64/lib/libnet.dylib
0x000000010ff48000 	/Users/DORCH/.vscode/extensions/redhat.java-1.50.0-darwin-x64/jre/21.0.9-macosx-x86_64/lib/libverify.dylib
0x000000010ff7d000 	/Users/DORCH/Library/Application Support/Code/User/globalStorage/redhat.java/1.50.0/config_mac/org.eclipse.equinox.launcher/org.eclipse.equinox.launcher.cocoa.macosx.x86_64_1.2.1400.v20250801-0854/eclipse_11916.so
0x00007ff808e4e000 	/System/Library/PrivateFrameworks/CoreServicesInternal.framework/Versions/A/CoreServicesInternal
0x00007ff818af3000 	/System/Library/Frameworks/FileProvider.framework/Versions/A/FileProvider
0x00007ff80caf3000 	/System/Library/Frameworks/Accounts.framework/Versions/A/Accounts
0x00007ff818c6c000 	/System/Library/PrivateFrameworks/GenerationalStorage.framework/Versions/A/GenerationalStorage
0x00007ff81977d000 	/System/Library/PrivateFrameworks/CoreSymbolication.framework/Versions/A/CoreSymbolication
0x00007ff8184f7000 	/System/Library/PrivateFrameworks/SymptomDiagnosticReporter.framework/Versions/A/SymptomDiagnosticReporter
0x00007ff80a113000 	/System/Library/PrivateFrameworks/DesktopServicesPriv.framework/Versions/A/DesktopServicesPriv
0x00007ff808f91000 	/usr/lib/libsandbox.1.dylib
0x00007ff80de3f000 	/System/Library/PrivateFrameworks/UserManagement.framework/Versions/A/UserManagement
0x00007ff819742000 	/System/Library/PrivateFrameworks/DebugSymbols.framework/Versions/A/DebugSymbols
0x00007ff814462000 	/System/Library/PrivateFrameworks/NetAuth.framework/Versions/A/NetAuth
0x00007ff815371000 	/System/Library/PrivateFrameworks/Sharing.framework/Versions/A/Sharing
0x00007ff80de12000 	/System/Library/PrivateFrameworks/login.framework/Versions/A/Frameworks/loginsupport.framework/Versions/A/loginsupport
0x00007ff81a8e0000 	/System/Library/PrivateFrameworks/Apple80211.framework/Versions/A/Apple80211
0x00007ff811018000 	/System/Library/PrivateFrameworks/AuthKit.framework/Versions/A/AuthKit
0x00007ff81066d000 	/System/Library/PrivateFrameworks/CoreUtils.framework/Versions/A/CoreUtils
0x00007ff810594000 	/System/Library/Frameworks/CoreWLAN.framework/Versions/A/CoreWLAN
0x00007ff8154d0000 	/System/Library/Frameworks/IOBluetooth.framework/Versions/A/IOBluetooth
0x00007ff81a948000 	/System/Library/PrivateFrameworks/CoreWiFi.framework/Versions/A/CoreWiFi
0x00007ff819316000 	/System/Library/PrivateFrameworks/FrontBoardServices.framework/Versions/A/FrontBoardServices
0x00007ff8193a7000 	/System/Library/PrivateFrameworks/BoardServices.framework/Versions/A/BoardServices
0x00007ff81087c000 	/System/Library/PrivateFrameworks/AssertionServices.framework/Versions/A/AssertionServices
0x00007ff81aacb000 	/System/Library/PrivateFrameworks/BackBoardServices.framework/Versions/A/BackBoardServices
0x00007ff8148bc000 	/System/Library/PrivateFrameworks/CorePhoneNumbers.framework/Versions/A/CorePhoneNumbers
0x00007ff814180000 	/System/Library/PrivateFrameworks/MultiverseSupport.framework/Versions/A/MultiverseSupport
0x00007ff81ad3f000 	/System/Library/PrivateFrameworks/RemoteServiceDiscovery.framework/Versions/A/RemoteServiceDiscovery
0x00007ff818614000 	/System/Library/PrivateFrameworks/DiskManagement.framework/Versions/A/DiskManagement
0x00007ff818528000 	/System/Library/PrivateFrameworks/AppleIDAuthSupport.framework/Versions/A/AppleIDAuthSupport
0x00007ffb06c57000 	/System/Library/PrivateFrameworks/AAAFoundation.framework/Versions/A/AAAFoundation
0x00007ff81489d000 	/System/Library/PrivateFrameworks/KeychainCircle.framework/Versions/A/KeychainCircle
0x00007ff81ad4f000 	/System/Library/PrivateFrameworks/RemoteXPC.framework/Versions/A/RemoteXPC
0x00007ff8185e0000 	/System/Library/PrivateFrameworks/MediaKit.framework/Versions/A/MediaKit
0x00007ff818534000 	/System/Library/Frameworks/DiscRecording.framework/Versions/A/DiscRecording
0x00007ff811e6e000 	/usr/lib/libCoreStorage.dylib
0x00007ff81adba000 	/usr/lib/libcsfde.dylib
0x00007ff81559d000 	/System/Library/PrivateFrameworks/ProtectedCloudStorage.framework/Versions/A/ProtectedCloudStorage
0x00007ff81adb6000 	/System/Library/PrivateFrameworks/EFILogin.framework/Versions/A/EFILogin
0x00007ff818c92000 	/System/Library/PrivateFrameworks/OctagonTrust.framework/Versions/A/OctagonTrust
0x00007ffb0b53f000 	/System/Library/PrivateFrameworks/CoreUtilsExtras.framework/Versions/A/CoreUtilsExtras
0x00007ff81845b000 	/System/Library/Frameworks/CoreBluetooth.framework/Versions/A/CoreBluetooth
0x00007ff81b45d000 	/System/Library/Frameworks/AudioUnit.framework/Versions/A/AudioUnit
0x00007ff811e66000 	/usr/lib/libMatch.1.dylib
0x00007ff80db37000 	/System/Library/PrivateFrameworks/ViewBridge.framework/Versions/A/ViewBridge
0x0000000113275000 	/Users/DORCH/.vscode/extensions/redhat.java-1.50.0-darwin-x64/jre/21.0.9-macosx-x86_64/lib/libextnet.dylib

JVMTI agents:
/Users/DORCH/.vscode/extensions/redhat.java-1.50.0-darwin-x64/lombok/lombok-1.18.39-4050.jar path:none, loaded, initialized, instrumentlib options:none


VM Arguments:
jvm_args: --add-modules=ALL-SYSTEM --add-opens=java.base/java.util=ALL-UNNAMED --add-opens=java.base/java.lang=ALL-UNNAMED --add-opens=java.base/sun.nio.fs=ALL-UNNAMED -Declipse.application=org.eclipse.jdt.ls.core.id1 -Dosgi.bundles.defaultStartLevel=4 -Declipse.product=org.eclipse.jdt.ls.core.product -Djava.import.generatesMetadataFilesAtProjectRoot=false -DDetectVMInstallationsJob.disabled=true -Dfile.encoding=utf8 -XX:+UseParallelGC -XX:GCTimeRatio=4 -XX:AdaptiveSizePolicyWeight=90 -Dsun.zip.disableMemoryMapping=true -Xmx2G -Xms100m -Xlog:disable -javaagent:/Users/DORCH/.vscode/extensions/redhat.java-1.50.0-darwin-x64/lombok/lombok-1.18.39-4050.jar -XX:+HeapDumpOnOutOfMemoryError -XX:HeapDumpPath=/Users/DORCH/Library/Application Support/Code/User/workspaceStorage/c60df6efe2500ced31666dfa1f1f7138/redhat.java -Daether.dependencyCollector.impl=bf 
java_command: /Users/DORCH/.vscode/extensions/redhat.java-1.50.0-darwin-x64/server/plugins/org.eclipse.equinox.launcher_1.7.100.v20251111-0406.jar -configuration /Users/DORCH/Library/Application Support/Code/User/globalStorage/redhat.java/1.50.0/config_mac -data /Users/DORCH/Library/Application Support/Code/User/workspaceStorage/c60df6efe2500ced31666dfa1f1f7138/redhat.java/jdt_ws --pipe=/private/var/folders/75/6dsz66sx1mvcjz4f5gkkvz9r0000gn/T/lsp-caa7f589be4d2664ecadd150dd0b6924.sock
java_class_path (initial): /Users/DORCH/.vscode/extensions/redhat.java-1.50.0-darwin-x64/server/plugins/org.eclipse.equinox.launcher_1.7.100.v20251111-0406.jar
Launcher Type: SUN_STANDARD

[Global flags]
    uintx AdaptiveSizePolicyWeight                 = 90                                        {product} {command line}
     intx CICompilerCount                          = 3                                         {product} {ergonomic}
    uintx GCTimeRatio                              = 4                                         {product} {command line}
     bool HeapDumpOnOutOfMemoryError               = true                                   {manageable} {command line}
    ccstr HeapDumpPath                             = /Users/DORCH/Library/Application Support/Code/User/workspaceStorage/c60df6efe2500ced31666dfa1f1f7138/redhat.java         {manageable} {command line}
   size_t InitialHeapSize                          = 104857600                                 {product} {command line}
   size_t MaxHeapSize                              = 2147483648                                {product} {command line}
   size_t MaxNewSize                               = 715653120                                 {product} {ergonomic}
   size_t MinHeapDeltaBytes                        = 524288                                    {product} {ergonomic}
   size_t MinHeapSize                              = 104857600                                 {product} {command line}
   size_t NewSize                                  = 34603008                                  {product} {ergonomic}
    uintx NonNMethodCodeHeapSize                   = 5832780                                {pd product} {ergonomic}
    uintx NonProfiledCodeHeapSize                  = 122912730                              {pd product} {ergonomic}
   size_t OldSize                                  = 70254592                                  {product} {ergonomic}
    uintx ProfiledCodeHeapSize                     = 122912730                              {pd product} {ergonomic}
    uintx ReservedCodeCacheSize                    = 251658240                              {pd product} {ergonomic}
     bool SegmentedCodeCache                       = true                                      {product} {ergonomic}
   size_t SoftMaxHeapSize                          = 2147483648                             {manageable} {ergonomic}
     bool UseCompressedOops                        = true                           {product lp64_product} {ergonomic}
     bool UseNUMA                                  = false                                     {product} {ergonomic}
     bool UseNUMAInterleaving                      = false                                     {product} {ergonomic}
     bool UseParallelGC                            = true                                      {product} {command line}

Logging:
Log output configuration:
 #0: stdout all=off uptime,level,tags foldmultilines=false
 #1: stderr all=off uptime,level,tags foldmultilines=false

Release file:
JAVA_VERSION="21.0.9"
MODULES="java.base java.compiler java.datatransfer java.xml java.prefs java.desktop java.instrument java.logging java.management java.security.sasl java.naming java.rmi java.management.rmi java.net.http java.scripting java.security.jgss java.transaction.xa java.sql java.sql.rowset java.xml.crypto java.se java.smartcardio jdk.accessibility jdk.internal.jvmstat jdk.attach jdk.charsets jdk.internal.opt jdk.zipfs jdk.compiler jdk.crypto.ec jdk.crypto.cryptoki jdk.dynalink jdk.internal.ed jdk.editpad jdk.hotspot.agent jdk.httpserver jdk.internal.le jdk.internal.vm.ci jdk.internal.vm.compiler jdk.internal.vm.compiler.management jdk.jartool jdk.javadoc jdk.jcmd jdk.management jdk.management.agent jdk.jconsole jdk.jdeps jdk.jdwp.agent jdk.jdi jdk.jfr jdk.jshell jdk.jsobject jdk.jstatd jdk.localedata jdk.management.jfr jdk.naming.dns jdk.naming.rmi jdk.net jdk.nio.mapmode jdk.random jdk.sctp jdk.security.auth jdk.security.jgss jdk.unsupported jdk.unsupported.desktop jdk.xml.dom"

Environment Variables:
PATH=/Library/Frameworks/Python.framework/Versions/3.8/bin:/usr/local/bin:/usr/bin:/bin:/usr/sbin:/sbin:/opt/X11/bin
SHELL=/bin/bash
TMPDIR=/var/folders/75/6dsz66sx1mvcjz4f5gkkvz9r0000gn/T/

Active Locale:
LC_ALL=C
LC_COLLATE=C
LC_CTYPE=C
LC_MESSAGES=C
LC_MONETARY=C
LC_NUMERIC=C
LC_TIME=C

Signal Handlers:
   SIGSEGV: crash_handler in libjvm.dylib, mask=11100110000111110111111111111111, flags=SA_ONSTACK|SA_RESTART|SA_SIGINFO, unblocked
    SIGBUS: crash_handler in libjvm.dylib, mask=11100110000111110111111111111111, flags=SA_RESTART|SA_SIGINFO, unblocked
    SIGFPE: crash_handler in libjvm.dylib, mask=11100110000111110111111111111111, flags=SA_RESTART|SA_SIGINFO, unblocked
   SIGPIPE: javaSignalHandler in libjvm.dylib, mask=11100110000111110111111111111111, flags=SA_RESTART|SA_SIGINFO, blocked
   SIGXFSZ: javaSignalHandler in libjvm.dylib, mask=11100110000111110111111111111111, flags=SA_RESTART|SA_SIGINFO, blocked
    SIGILL: crash_handler in libjvm.dylib, mask=11100110000111110111111111111111, flags=SA_RESTART|SA_SIGINFO, unblocked
   SIGUSR2: SR_handler in libjvm.dylib, mask=00000000000000000000000000000000, flags=SA_RESTART|SA_SIGINFO, blocked
    SIGHUP: UserHandler in libjvm.dylib, mask=11100110000111110111111111111111, flags=SA_RESTART|SA_SIGINFO, blocked
    SIGINT: UserHandler in libjvm.dylib, mask=11100110000111110111111111111111, flags=SA_RESTART|SA_SIGINFO, blocked
   SIGTERM: UserHandler in libjvm.dylib, mask=11100110000111110111111111111111, flags=SA_RESTART|SA_SIGINFO, blocked
   SIGQUIT: UserHandler in libjvm.dylib, mask=11100110000111110111111111111111, flags=SA_RESTART|SA_SIGINFO, blocked
   SIGTRAP: crash_handler in libjvm.dylib, mask=11100110000111110111111111111111, flags=SA_RESTART|SA_SIGINFO, unblocked


Periodic native trim disabled

---------------  S Y S T E M  ---------------

OS:
uname: Darwin 21.6.0 Darwin Kernel Version 21.6.0: Sun Dec 17 22:55:27 PST 2023; root:xnu-8020.240.18.706.2~1/RELEASE_X86_64 x86_64
OS uptime: 0 days 1:03 hours
rlimit (soft/hard): STACK 8192k/65532k , CORE 0k/infinity , NPROC 1392/2088 , NOFILE 1048576/infinity , AS infinity/infinity , CPU infinity/infinity , DATA infinity/infinity , FSIZE infinity/infinity , MEMLOCK infinity/infinity , RSS infinity/infinity
load average: 8.40 5.30 4.85

CPU: total 4 (initial active 4) (2 cores per cpu, 2 threads per core) family 6 model 61 stepping 4 microcode 0x2f, cx8, cmov, fxsr, ht, mmx, 3dnowpref, sse, sse2, sse3, ssse3, sse4.1, sse4.2, popcnt, lzcnt, tsc, tscinvbit, avx, avx2, aes, erms, clmul, bmi1, bmi2, adx, fma, vzeroupper, clflush, rdtscp, f16c
machdep.cpu.brand_string:Intel(R) Core(TM) i5-5257U CPU @ 2.70GHz
hw.cpufrequency:2700000000
hw.cpufrequency_min:2700000000
hw.cpufrequency_max:2700000000
hw.cachelinesize:64
hw.l1icachesize:32768
hw.l1dcachesize:32768
hw.l2cachesize:262144
hw.l3cachesize:3145728

Memory: 4k page, physical 8388608k(502772k free), swap 0k(0k free)

vm_info: OpenJDK 64-Bit Server VM (21.0.9+10-LTS) for bsd-amd64 JRE (21.0.9+10-LTS), built on 2025-10-21T00:00:00Z by "admin" with clang Apple LLVM 15.0.0 (clang-1500.1.0.2.5)

END.
